2018-01-22 09:44:39,239  INFO MainAplication:48 ---- Starting MainAplication on MICROSOFT with PID 6420 (F:\springboot+bootStarp\lvyou\target\classes started by Administrator in F:\springboot+bootStarp\lvyou)
2018-01-22 09:44:39,243 DEBUG MainAplication:51 ---- Running with Spring Boot v1.3.2.RELEASE, Spring v4.2.4.RELEASE
2018-01-22 09:44:39,244  INFO MainAplication:666 ---- No active profile set, falling back to default profiles: default
2018-01-22 09:44:48,277  INFO MainAplication:57 ---- Started MainAplication in 10.49 seconds (JVM running for 11.815)
2018-01-22 10:04:28,119  INFO MainAplication:48 ---- Starting MainAplication on MICROSOFT with PID 6928 (F:\springboot+bootStarp\lvyou\target\classes started by Administrator in F:\springboot+bootStarp\lvyou)
2018-01-22 10:04:28,124 DEBUG MainAplication:51 ---- Running with Spring Boot v1.3.2.RELEASE, Spring v4.2.4.RELEASE
2018-01-22 10:04:28,129  INFO MainAplication:666 ---- No active profile set, falling back to default profiles: default
2018-01-22 10:04:39,490  INFO MainAplication:57 ---- Started MainAplication in 12.23 seconds (JVM running for 13.173)
2018-01-22 10:05:53,189  INFO WebLogAspect:40 ---- url:/
2018-01-22 10:05:53,192  INFO WebLogAspect:41 ---- IP:0:0:0:0:0:0:0:1
2018-01-22 10:05:53,197  INFO WebLogAspect:42 ---- http_method:GET
2018-01-22 10:05:53,201  INFO WebLogAspect:43 ---- class_method:com.liang.web.LoginController.welcome
2018-01-22 10:05:53,203  INFO WebLogAspect:44 ---- Args:[]
2018-01-22 10:05:53,222  INFO WebLogAspect:64 ---- RESPONSE : index
2018-01-22 10:06:12,903  INFO WebLogAspect:40 ---- url:/login
2018-01-22 10:06:12,904  INFO WebLogAspect:41 ---- IP:0:0:0:0:0:0:0:1
2018-01-22 10:06:12,904  INFO WebLogAspect:42 ---- http_method:POST
2018-01-22 10:06:12,905  INFO WebLogAspect:43 ---- class_method:com.liang.web.LoginController.userLogin
2018-01-22 10:06:12,906  INFO WebLogAspect:44 ---- Args:[JourneyUser [Hash = -1393579118, userid=null, username=冯亮, sex=null, age=null, identifyno=null, phone=null, password=123, serialVersionUID=1], {journeyUser=JourneyUser [Hash = -1393579118, userid=null, username=冯亮, sex=null, age=null, identifyno=null, phone=null, password=123, serialVersionUID=1], org.springframework.validation.BindingResult.journeyUser=org.springframework.validation.BeanPropertyBindingResult: 0 errors}]
2018-01-22 10:06:13,439 DEBUG selectByName:145 ---- ==>  Preparing: select userId, userName, sex, age, identifyNo, phone, password from journeyuser where userName = ? 
2018-01-22 10:06:13,475 DEBUG selectByName:145 ---- ==> Parameters: 冯亮(String)
2018-01-22 10:06:13,495 DEBUG selectByName:145 ---- <==      Total: 1
2018-01-22 10:06:13,497 DEBUG selectByName:145 ---- ==>  Preparing: select userId, userName, sex, age, identifyNo, phone, password from journeyuser where userName = ? 
2018-01-22 10:06:13,498 DEBUG selectByName:145 ---- ==> Parameters: 冯亮(String)
2018-01-22 10:06:13,500 DEBUG selectByName:145 ---- <==      Total: 1
2018-01-22 10:06:13,501  INFO WebLogAspect:64 ---- RESPONSE : userFront
2018-01-22 10:06:17,220  INFO WebLogAspect:40 ---- url:/oprateSystem/goto
2018-01-22 10:06:17,221  INFO WebLogAspect:41 ---- IP:0:0:0:0:0:0:0:1
2018-01-22 10:06:17,221  INFO WebLogAspect:42 ---- http_method:GET
2018-01-22 10:06:17,222  INFO WebLogAspect:43 ---- class_method:com.liang.web.OperateController.index
2018-01-22 10:06:17,222  INFO WebLogAspect:44 ---- Args:[null, {}]
2018-01-22 10:06:17,230 DEBUG selectByPrimaryKey:145 ---- ==>  Preparing: select userId, userName, sex, age, identifyNo, phone, password from journeyuser where userId = ? 
2018-01-22 10:06:17,238 DEBUG selectByPrimaryKey:145 ---- ==> Parameters: null
2018-01-22 10:06:17,241 DEBUG selectByPrimaryKey:145 ---- <==      Total: 0
2018-01-22 10:06:17,243 DEBUG selectAll:145 ---- ==>  Preparing: select userId, userName, sex, age, identifyNo, phone, password from journeyuser 
2018-01-22 10:06:17,244 DEBUG selectAll:145 ---- ==> Parameters: 
2018-01-22 10:06:17,248 DEBUG selectAll:145 ---- <==      Total: 2
2018-01-22 10:06:17,249  INFO WebLogAspect:64 ---- RESPONSE : oprate/main
2018-01-22 10:09:07,911  INFO MainAplication:48 ---- Starting MainAplication on MICROSOFT with PID 6740 (F:\springboot+bootStarp\lvyou\target\classes started by Administrator in F:\springboot+bootStarp\lvyou)
2018-01-22 10:09:07,915 DEBUG MainAplication:51 ---- Running with Spring Boot v1.3.2.RELEASE, Spring v4.2.4.RELEASE
2018-01-22 10:09:07,916  INFO MainAplication:666 ---- No active profile set, falling back to default profiles: default
2018-01-22 10:09:16,152  INFO MainAplication:57 ---- Started MainAplication in 8.847 seconds (JVM running for 9.67)
2018-01-22 10:09:25,387  INFO WebLogAspect:40 ---- url:/
2018-01-22 10:09:25,389  INFO WebLogAspect:41 ---- IP:0:0:0:0:0:0:0:1
2018-01-22 10:09:25,390  INFO WebLogAspect:42 ---- http_method:GET
2018-01-22 10:09:25,393  INFO WebLogAspect:43 ---- class_method:com.liang.web.LoginController.welcome
2018-01-22 10:09:25,394  INFO WebLogAspect:44 ---- Args:[]
2018-01-22 10:09:25,407  INFO WebLogAspect:64 ---- RESPONSE : index
2018-01-22 10:09:50,312  INFO WebLogAspect:40 ---- url:/login
2018-01-22 10:09:50,313  INFO WebLogAspect:41 ---- IP:0:0:0:0:0:0:0:1
2018-01-22 10:09:50,313  INFO WebLogAspect:42 ---- http_method:POST
2018-01-22 10:09:50,313  INFO WebLogAspect:43 ---- class_method:com.liang.web.LoginController.userLogin
2018-01-22 10:09:50,314  INFO WebLogAspect:44 ---- Args:[JourneyUser [Hash = -1393579118, userid=null, username=冯亮, sex=null, age=null, identifyno=null, phone=null, password=123, serialVersionUID=1], {journeyUser=JourneyUser [Hash = -1393579118, userid=null, username=冯亮, sex=null, age=null, identifyno=null, phone=null, password=123, serialVersionUID=1], org.springframework.validation.BindingResult.journeyUser=org.springframework.validation.BeanPropertyBindingResult: 0 errors}]
2018-01-22 10:09:50,792 DEBUG selectByName:145 ---- ==>  Preparing: select userId, userName, sex, age, identifyNo, phone, password from journeyuser where userName = ? 
2018-01-22 10:09:50,827 DEBUG selectByName:145 ---- ==> Parameters: 冯亮(String)
2018-01-22 10:09:50,844 DEBUG selectByName:145 ---- <==      Total: 1
2018-01-22 10:09:50,846 DEBUG selectByName:145 ---- ==>  Preparing: select userId, userName, sex, age, identifyNo, phone, password from journeyuser where userName = ? 
2018-01-22 10:09:50,847 DEBUG selectByName:145 ---- ==> Parameters: 冯亮(String)
2018-01-22 10:09:50,848 DEBUG selectByName:145 ---- <==      Total: 1
2018-01-22 10:09:50,850  INFO WebLogAspect:64 ---- RESPONSE : userFront
2018-01-22 10:10:01,315  INFO WebLogAspect:40 ---- url:/oprateSystem/goto
2018-01-22 10:10:01,316  INFO WebLogAspect:41 ---- IP:0:0:0:0:0:0:0:1
2018-01-22 10:10:01,316  INFO WebLogAspect:42 ---- http_method:GET
2018-01-22 10:10:01,316  INFO WebLogAspect:43 ---- class_method:com.liang.web.OperateController.index
2018-01-22 10:10:01,317  INFO WebLogAspect:44 ---- Args:[2, {}]
2018-01-22 10:10:01,335 DEBUG selectByPrimaryKey:145 ---- ==>  Preparing: select userId, userName, sex, age, identifyNo, phone, password from journeyuser where userId = ? 
2018-01-22 10:10:01,342 DEBUG selectByPrimaryKey:145 ---- ==> Parameters: 2(Integer)
2018-01-22 10:10:01,347 DEBUG selectByPrimaryKey:145 ---- <==      Total: 1
2018-01-22 10:10:01,349 DEBUG selectAll:145 ---- ==>  Preparing: select userId, userName, sex, age, identifyNo, phone, password from journeyuser 
2018-01-22 10:10:01,352 DEBUG selectAll:145 ---- ==> Parameters: 
2018-01-22 10:10:01,355 DEBUG selectAll:145 ---- <==      Total: 2
2018-01-22 10:10:01,359  INFO WebLogAspect:64 ---- RESPONSE : oprate/main
2018-01-22 10:16:39,586  INFO MainAplication:48 ---- Starting MainAplication on MICROSOFT with PID 5884 (F:\springboot+bootStarp\lvyou\target\classes started by Administrator in F:\springboot+bootStarp\lvyou)
2018-01-22 10:16:39,590 DEBUG MainAplication:51 ---- Running with Spring Boot v1.3.2.RELEASE, Spring v4.2.4.RELEASE
2018-01-22 10:16:39,591  INFO MainAplication:666 ---- No active profile set, falling back to default profiles: default
2018-01-22 10:16:48,625  INFO MainAplication:57 ---- Started MainAplication in 9.589 seconds (JVM running for 10.408)
2018-01-22 10:17:11,361  INFO WebLogAspect:40 ---- url:/oprateSystem/goto
2018-01-22 10:17:11,363  INFO WebLogAspect:41 ---- IP:0:0:0:0:0:0:0:1
2018-01-22 10:17:11,363  INFO WebLogAspect:42 ---- http_method:GET
2018-01-22 10:17:11,367  INFO WebLogAspect:43 ---- class_method:com.liang.web.OperateController.index
2018-01-22 10:17:11,368  INFO WebLogAspect:44 ---- Args:[2, {}]
2018-01-22 10:17:11,897 DEBUG selectByPrimaryKey:145 ---- ==>  Preparing: select userId, userName, sex, age, identifyNo, phone, password from journeyuser where userId = ? 
2018-01-22 10:17:11,923 DEBUG selectByPrimaryKey:145 ---- ==> Parameters: 2(Integer)
2018-01-22 10:17:11,938 DEBUG selectByPrimaryKey:145 ---- <==      Total: 1
2018-01-22 10:17:11,942 DEBUG selectAll:145 ---- ==>  Preparing: select userId, userName, sex, age, identifyNo, phone, password from journeyuser 
2018-01-22 10:17:11,943 DEBUG selectAll:145 ---- ==> Parameters: 
2018-01-22 10:17:11,946 DEBUG selectAll:145 ---- <==      Total: 2
2018-01-22 10:17:11,948  INFO WebLogAspect:64 ---- RESPONSE : oprate/main
2018-01-22 10:34:54,544  INFO MainAplication:48 ---- Starting MainAplication on MICROSOFT with PID 5196 (F:\springboot+bootStarp\lvyou\target\classes started by Administrator in F:\springboot+bootStarp\lvyou)
2018-01-22 10:34:54,547 DEBUG MainAplication:51 ---- Running with Spring Boot v1.3.2.RELEASE, Spring v4.2.4.RELEASE
2018-01-22 10:34:54,548  INFO MainAplication:666 ---- No active profile set, falling back to default profiles: default
2018-01-22 10:35:03,158  INFO MainAplication:57 ---- Started MainAplication in 9.228 seconds (JVM running for 10.471)
2018-01-22 10:35:07,903  INFO WebLogAspect:40 ---- url:/oprateSystem/goto
2018-01-22 10:35:07,905  INFO WebLogAspect:41 ---- IP:0:0:0:0:0:0:0:1
2018-01-22 10:35:07,905  INFO WebLogAspect:42 ---- http_method:GET
2018-01-22 10:35:07,908  INFO WebLogAspect:43 ---- class_method:com.liang.web.OperateController.index
2018-01-22 10:35:07,910  INFO WebLogAspect:44 ---- Args:[2, {}]
2018-01-22 10:35:08,444 DEBUG selectByPrimaryKey:145 ---- ==>  Preparing: select userId, userName, sex, age, identifyNo, phone, password from journeyuser where userId = ? 
2018-01-22 10:35:08,477 DEBUG selectByPrimaryKey:145 ---- ==> Parameters: 2(Integer)
2018-01-22 10:35:08,493 DEBUG selectByPrimaryKey:145 ---- <==      Total: 1
2018-01-22 10:35:08,496 DEBUG selectAll:145 ---- ==>  Preparing: select userId, userName, sex, age, identifyNo, phone, password from journeyuser 
2018-01-22 10:35:08,497 DEBUG selectAll:145 ---- ==> Parameters: 
2018-01-22 10:35:08,499 DEBUG selectAll:145 ---- <==      Total: 2
2018-01-22 10:35:08,501  INFO WebLogAspect:64 ---- RESPONSE : oprate/main
2018-01-22 10:37:02,609  INFO MainAplication:48 ---- Starting MainAplication on MICROSOFT with PID 6100 (F:\springboot+bootStarp\lvyou\target\classes started by Administrator in F:\springboot+bootStarp\lvyou)
2018-01-22 10:37:02,615 DEBUG MainAplication:51 ---- Running with Spring Boot v1.3.2.RELEASE, Spring v4.2.4.RELEASE
2018-01-22 10:37:02,616  INFO MainAplication:666 ---- No active profile set, falling back to default profiles: default
2018-01-22 10:37:12,392  INFO MainAplication:57 ---- Started MainAplication in 10.447 seconds (JVM running for 11.673)
2018-01-22 10:37:17,274  INFO WebLogAspect:40 ---- url:/oprateSystem/goto
2018-01-22 10:37:17,276  INFO WebLogAspect:41 ---- IP:0:0:0:0:0:0:0:1
2018-01-22 10:37:17,277  INFO WebLogAspect:42 ---- http_method:GET
2018-01-22 10:37:17,280  INFO WebLogAspect:43 ---- class_method:com.liang.web.OperateController.index
2018-01-22 10:37:17,281  INFO WebLogAspect:44 ---- Args:[2, {}]
2018-01-22 10:37:17,714 DEBUG selectByPrimaryKey:145 ---- ==>  Preparing: select userId, userName, sex, age, identifyNo, phone, password from journeyuser where userId = ? 
2018-01-22 10:37:17,744 DEBUG selectByPrimaryKey:145 ---- ==> Parameters: 2(Integer)
2018-01-22 10:37:17,761 DEBUG selectByPrimaryKey:145 ---- <==      Total: 1
2018-01-22 10:37:17,764 DEBUG selectAll:145 ---- ==>  Preparing: select userId, userName, sex, age, identifyNo, phone, password from journeyuser 
2018-01-22 10:37:17,765 DEBUG selectAll:145 ---- ==> Parameters: 
2018-01-22 10:37:17,768 DEBUG selectAll:145 ---- <==      Total: 2
2018-01-22 10:37:17,770  INFO WebLogAspect:64 ---- RESPONSE : oprate/main
2018-01-22 10:38:57,198  INFO MainAplication:48 ---- Starting MainAplication on MICROSOFT with PID 6860 (F:\springboot+bootStarp\lvyou\target\classes started by Administrator in F:\springboot+bootStarp\lvyou)
2018-01-22 10:38:57,202 DEBUG MainAplication:51 ---- Running with Spring Boot v1.3.2.RELEASE, Spring v4.2.4.RELEASE
2018-01-22 10:38:57,204  INFO MainAplication:666 ---- No active profile set, falling back to default profiles: default
2018-01-22 10:39:06,047  INFO MainAplication:57 ---- Started MainAplication in 9.525 seconds (JVM running for 10.354)
2018-01-22 10:39:07,996  INFO WebLogAspect:40 ---- url:/oprateSystem/goto
2018-01-22 10:39:07,998  INFO WebLogAspect:41 ---- IP:0:0:0:0:0:0:0:1
2018-01-22 10:39:07,999  INFO WebLogAspect:42 ---- http_method:GET
2018-01-22 10:39:08,002  INFO WebLogAspect:43 ---- class_method:com.liang.web.OperateController.index
2018-01-22 10:39:08,003  INFO WebLogAspect:44 ---- Args:[2, {}]
2018-01-22 10:39:08,452 DEBUG selectByPrimaryKey:145 ---- ==>  Preparing: select userId, userName, sex, age, identifyNo, phone, password from journeyuser where userId = ? 
2018-01-22 10:39:08,487 DEBUG selectByPrimaryKey:145 ---- ==> Parameters: 2(Integer)
2018-01-22 10:39:08,508 DEBUG selectByPrimaryKey:145 ---- <==      Total: 1
2018-01-22 10:39:08,511 DEBUG selectAll:145 ---- ==>  Preparing: select userId, userName, sex, age, identifyNo, phone, password from journeyuser 
2018-01-22 10:39:08,512 DEBUG selectAll:145 ---- ==> Parameters: 
2018-01-22 10:39:08,515 DEBUG selectAll:145 ---- <==      Total: 2
2018-01-22 10:39:08,517  INFO WebLogAspect:64 ---- RESPONSE : oprate/main
2018-01-22 10:40:49,059  INFO MainAplication:48 ---- Starting MainAplication on MICROSOFT with PID 2456 (F:\springboot+bootStarp\lvyou\target\classes started by Administrator in F:\springboot+bootStarp\lvyou)
2018-01-22 10:40:49,063 DEBUG MainAplication:51 ---- Running with Spring Boot v1.3.2.RELEASE, Spring v4.2.4.RELEASE
2018-01-22 10:40:49,065  INFO MainAplication:666 ---- No active profile set, falling back to default profiles: default
2018-01-22 10:40:58,302  INFO MainAplication:57 ---- Started MainAplication in 9.819 seconds (JVM running for 10.606)
2018-01-22 10:40:58,546  INFO WebLogAspect:40 ---- url:/oprateSystem/goto
2018-01-22 10:40:58,547  INFO WebLogAspect:41 ---- IP:127.0.0.1
2018-01-22 10:40:58,548  INFO WebLogAspect:42 ---- http_method:GET
2018-01-22 10:40:58,552  INFO WebLogAspect:43 ---- class_method:com.liang.web.OperateController.index
2018-01-22 10:40:58,553  INFO WebLogAspect:44 ---- Args:[2, {}]
2018-01-22 10:40:59,051 DEBUG selectByPrimaryKey:145 ---- ==>  Preparing: select userId, userName, sex, age, identifyNo, phone, password from journeyuser where userId = ? 
2018-01-22 10:40:59,085 DEBUG selectByPrimaryKey:145 ---- ==> Parameters: 2(Integer)
2018-01-22 10:40:59,100 DEBUG selectByPrimaryKey:145 ---- <==      Total: 1
2018-01-22 10:40:59,103 DEBUG selectAll:145 ---- ==>  Preparing: select userId, userName, sex, age, identifyNo, phone, password from journeyuser 
2018-01-22 10:40:59,104 DEBUG selectAll:145 ---- ==> Parameters: 
2018-01-22 10:40:59,108 DEBUG selectAll:145 ---- <==      Total: 2
2018-01-22 10:40:59,109  INFO WebLogAspect:64 ---- RESPONSE : oprate/main
2018-01-22 10:41:25,650  INFO MainAplication:48 ---- Starting MainAplication on MICROSOFT with PID 7076 (F:\springboot+bootStarp\lvyou\target\classes started by Administrator in F:\springboot+bootStarp\lvyou)
2018-01-22 10:41:25,655 DEBUG MainAplication:51 ---- Running with Spring Boot v1.3.2.RELEASE, Spring v4.2.4.RELEASE
2018-01-22 10:41:25,656  INFO MainAplication:666 ---- No active profile set, falling back to default profiles: default
2018-01-22 10:41:34,395  INFO MainAplication:57 ---- Started MainAplication in 9.436 seconds (JVM running for 10.24)
2018-01-22 10:41:39,930  INFO WebLogAspect:40 ---- url:/oprateSystem/goto
2018-01-22 10:41:39,931  INFO WebLogAspect:41 ---- IP:0:0:0:0:0:0:0:1
2018-01-22 10:41:39,932  INFO WebLogAspect:42 ---- http_method:GET
2018-01-22 10:41:39,935  INFO WebLogAspect:43 ---- class_method:com.liang.web.OperateController.index
2018-01-22 10:41:39,936  INFO WebLogAspect:44 ---- Args:[2, {}]
2018-01-22 10:41:40,389 DEBUG selectByPrimaryKey:145 ---- ==>  Preparing: select userId, userName, sex, age, identifyNo, phone, password from journeyuser where userId = ? 
2018-01-22 10:41:40,418 DEBUG selectByPrimaryKey:145 ---- ==> Parameters: 2(Integer)
2018-01-22 10:41:40,436 DEBUG selectByPrimaryKey:145 ---- <==      Total: 1
2018-01-22 10:41:40,439 DEBUG selectAll:145 ---- ==>  Preparing: select userId, userName, sex, age, identifyNo, phone, password from journeyuser 
2018-01-22 10:41:40,439 DEBUG selectAll:145 ---- ==> Parameters: 
2018-01-22 10:41:40,442 DEBUG selectAll:145 ---- <==      Total: 2
2018-01-22 10:41:40,443  INFO WebLogAspect:64 ---- RESPONSE : oprate/main
2018-01-22 10:41:45,325  INFO WebLogAspect:40 ---- url:/oprateSystem/goto
2018-01-22 10:41:45,327  INFO WebLogAspect:41 ---- IP:0:0:0:0:0:0:0:1
2018-01-22 10:41:45,327  INFO WebLogAspect:42 ---- http_method:GET
2018-01-22 10:41:45,327  INFO WebLogAspect:43 ---- class_method:com.liang.web.OperateController.index
2018-01-22 10:41:45,328  INFO WebLogAspect:44 ---- Args:[2, {}]
2018-01-22 10:41:45,329 DEBUG selectByPrimaryKey:145 ---- ==>  Preparing: select userId, userName, sex, age, identifyNo, phone, password from journeyuser where userId = ? 
2018-01-22 10:41:45,330 DEBUG selectByPrimaryKey:145 ---- ==> Parameters: 2(Integer)
2018-01-22 10:41:45,333 DEBUG selectByPrimaryKey:145 ---- <==      Total: 1
2018-01-22 10:41:45,335 DEBUG selectAll:145 ---- ==>  Preparing: select userId, userName, sex, age, identifyNo, phone, password from journeyuser 
2018-01-22 10:41:45,341 DEBUG selectAll:145 ---- ==> Parameters: 
2018-01-22 10:41:45,349 DEBUG selectAll:145 ---- <==      Total: 2
2018-01-22 10:41:45,350  INFO WebLogAspect:64 ---- RESPONSE : oprate/main
2018-01-22 10:44:02,793  INFO MainAplication:48 ---- Starting MainAplication on MICROSOFT with PID 6256 (F:\springboot+bootStarp\lvyou\target\classes started by Administrator in F:\springboot+bootStarp\lvyou)
2018-01-22 10:44:02,797 DEBUG MainAplication:51 ---- Running with Spring Boot v1.3.2.RELEASE, Spring v4.2.4.RELEASE
2018-01-22 10:44:02,799  INFO MainAplication:666 ---- No active profile set, falling back to default profiles: default
2018-01-22 10:44:11,181  INFO MainAplication:57 ---- Started MainAplication in 9.057 seconds (JVM running for 9.921)
2018-01-22 10:44:11,421  INFO WebLogAspect:40 ---- url:/oprateSystem/goto
2018-01-22 10:44:11,423  INFO WebLogAspect:41 ---- IP:0:0:0:0:0:0:0:1
2018-01-22 10:44:11,424  INFO WebLogAspect:42 ---- http_method:GET
2018-01-22 10:44:11,428  INFO WebLogAspect:43 ---- class_method:com.liang.web.OperateController.index
2018-01-22 10:44:11,429  INFO WebLogAspect:44 ---- Args:[2, {}]
2018-01-22 10:44:11,897 DEBUG selectByPrimaryKey:145 ---- ==>  Preparing: select userId, userName, sex, age, identifyNo, phone, password from journeyuser where userId = ? 
2018-01-22 10:44:11,923 DEBUG selectByPrimaryKey:145 ---- ==> Parameters: 2(Integer)
2018-01-22 10:44:11,940 DEBUG selectByPrimaryKey:145 ---- <==      Total: 1
2018-01-22 10:44:11,943 DEBUG selectAll:145 ---- ==>  Preparing: select userId, userName, sex, age, identifyNo, phone, password from journeyuser 
2018-01-22 10:44:11,943 DEBUG selectAll:145 ---- ==> Parameters: 
2018-01-22 10:44:11,946 DEBUG selectAll:145 ---- <==      Total: 2
2018-01-22 10:44:11,947  INFO WebLogAspect:64 ---- RESPONSE : oprate/main
2018-01-22 10:45:55,505  INFO MainAplication:48 ---- Starting MainAplication on MICROSOFT with PID 6324 (F:\springboot+bootStarp\lvyou\target\classes started by Administrator in F:\springboot+bootStarp\lvyou)
2018-01-22 10:45:55,516 DEBUG MainAplication:51 ---- Running with Spring Boot v1.3.2.RELEASE, Spring v4.2.4.RELEASE
2018-01-22 10:45:55,517  INFO MainAplication:666 ---- No active profile set, falling back to default profiles: default
2018-01-22 10:46:04,035  INFO MainAplication:57 ---- Started MainAplication in 9.238 seconds (JVM running for 10.133)
2018-01-22 10:46:08,129  INFO WebLogAspect:40 ---- url:/oprateSystem/goto
2018-01-22 10:46:08,131  INFO WebLogAspect:41 ---- IP:0:0:0:0:0:0:0:1
2018-01-22 10:46:08,132  INFO WebLogAspect:42 ---- http_method:GET
2018-01-22 10:46:08,135  INFO WebLogAspect:43 ---- class_method:com.liang.web.OperateController.index
2018-01-22 10:46:08,136  INFO WebLogAspect:44 ---- Args:[2, {}]
2018-01-22 10:46:08,582 DEBUG selectByPrimaryKey:145 ---- ==>  Preparing: select userId, userName, sex, age, identifyNo, phone, password from journeyuser where userId = ? 
2018-01-22 10:46:08,612 DEBUG selectByPrimaryKey:145 ---- ==> Parameters: 2(Integer)
2018-01-22 10:46:08,628 DEBUG selectByPrimaryKey:145 ---- <==      Total: 1
2018-01-22 10:46:08,631 DEBUG selectAll:145 ---- ==>  Preparing: select userId, userName, sex, age, identifyNo, phone, password from journeyuser 
2018-01-22 10:46:08,632 DEBUG selectAll:145 ---- ==> Parameters: 
2018-01-22 10:46:08,635 DEBUG selectAll:145 ---- <==      Total: 2
2018-01-22 10:46:08,636  INFO WebLogAspect:64 ---- RESPONSE : oprate/main
2018-01-22 14:12:04,000  INFO MainAplication:48 ---- Starting MainAplication on MICROSOFT with PID 6740 (F:\springboot+bootStarp\lvyou\target\classes started by Administrator in F:\springboot+bootStarp\lvyou)
2018-01-22 14:12:04,005 DEBUG MainAplication:51 ---- Running with Spring Boot v1.3.2.RELEASE, Spring v4.2.4.RELEASE
2018-01-22 14:12:04,006  INFO MainAplication:666 ---- No active profile set, falling back to default profiles: default
2018-01-22 14:14:26,475  INFO MainAplication:48 ---- Starting MainAplication on MICROSOFT with PID 5652 (F:\springboot+bootStarp\lvyou\target\classes started by Administrator in F:\springboot+bootStarp\lvyou)
2018-01-22 14:14:26,479 DEBUG MainAplication:51 ---- Running with Spring Boot v1.3.2.RELEASE, Spring v4.2.4.RELEASE
2018-01-22 14:14:26,481  INFO MainAplication:666 ---- No active profile set, falling back to default profiles: default
2018-01-22 14:14:35,091  INFO MainAplication:57 ---- Started MainAplication in 9.627 seconds (JVM running for 10.648)
2018-01-22 14:15:16,337  INFO WebLogAspect:40 ---- url:/oprateSystem/goto
2018-01-22 14:15:16,339  INFO WebLogAspect:41 ---- IP:0:0:0:0:0:0:0:1
2018-01-22 14:15:16,339  INFO WebLogAspect:42 ---- http_method:GET
2018-01-22 14:15:16,342  INFO WebLogAspect:43 ---- class_method:com.liang.web.OperateController.index
2018-01-22 14:15:16,343  INFO WebLogAspect:44 ---- Args:[2, {}]
2018-01-22 14:15:16,798 DEBUG selectByPrimaryKey:145 ---- ==>  Preparing: select userId, userName, sex, age, identifyNo, phone, password from journeyuser where userId = ? 
2018-01-22 14:15:16,822 DEBUG selectByPrimaryKey:145 ---- ==> Parameters: 2(Integer)
2018-01-22 14:15:16,837 DEBUG selectByPrimaryKey:145 ---- <==      Total: 1
2018-01-22 14:15:16,839 DEBUG selectAll:145 ---- ==>  Preparing: select flightNum, flightPrice, numSeats, flightnumAvail, flyDate, flyfromCity, flytoCity from flight 
2018-01-22 14:15:16,840 DEBUG selectAll:145 ---- ==> Parameters: 
2018-01-22 14:15:16,843 DEBUG selectAll:145 ---- <==      Total: 2
2018-01-22 14:15:16,845  INFO WebLogAspect:64 ---- RESPONSE : oprate/main
2018-01-22 14:25:58,487  INFO WebLogAspect:40 ---- url:/oprateSystem/goto
2018-01-22 14:25:58,489  INFO WebLogAspect:41 ---- IP:0:0:0:0:0:0:0:1
2018-01-22 14:25:58,490  INFO WebLogAspect:42 ---- http_method:GET
2018-01-22 14:25:58,490  INFO WebLogAspect:43 ---- class_method:com.liang.web.OperateController.index
2018-01-22 14:25:58,490  INFO WebLogAspect:44 ---- Args:[2, {}]
2018-01-22 14:25:58,491 DEBUG selectByPrimaryKey:145 ---- ==>  Preparing: select userId, userName, sex, age, identifyNo, phone, password from journeyuser where userId = ? 
2018-01-22 14:25:58,493 DEBUG selectByPrimaryKey:145 ---- ==> Parameters: 2(Integer)
2018-01-22 14:25:58,495 DEBUG selectByPrimaryKey:145 ---- <==      Total: 1
2018-01-22 14:25:58,496 DEBUG selectAll:145 ---- ==>  Preparing: select flightNum, flightPrice, numSeats, flightnumAvail, flyDate, flyfromCity, flytoCity from flight 
2018-01-22 14:25:58,497 DEBUG selectAll:145 ---- ==> Parameters: 
2018-01-22 14:25:58,501 DEBUG selectAll:145 ---- <==      Total: 2
2018-01-22 14:25:58,501  INFO WebLogAspect:64 ---- RESPONSE : oprate/main
2018-01-22 14:26:07,718  INFO MainAplication:48 ---- Starting MainAplication on MICROSOFT with PID 288 (F:\springboot+bootStarp\lvyou\target\classes started by Administrator in F:\springboot+bootStarp\lvyou)
2018-01-22 14:26:07,721 DEBUG MainAplication:51 ---- Running with Spring Boot v1.3.2.RELEASE, Spring v4.2.4.RELEASE
2018-01-22 14:26:07,722  INFO MainAplication:666 ---- No active profile set, falling back to default profiles: default
2018-01-22 14:26:16,248  INFO MainAplication:57 ---- Started MainAplication in 9.163 seconds (JVM running for 10.18)
2018-01-22 14:26:26,226  INFO WebLogAspect:40 ---- url:/oprateSystem/goto
2018-01-22 14:26:26,228  INFO WebLogAspect:41 ---- IP:0:0:0:0:0:0:0:1
2018-01-22 14:26:26,229  INFO WebLogAspect:42 ---- http_method:GET
2018-01-22 14:26:26,232  INFO WebLogAspect:43 ---- class_method:com.liang.web.OperateController.index
2018-01-22 14:26:26,233  INFO WebLogAspect:44 ---- Args:[2, {}]
2018-01-22 14:26:26,811 DEBUG selectByPrimaryKey:145 ---- ==>  Preparing: select userId, userName, sex, age, identifyNo, phone, password from journeyuser where userId = ? 
2018-01-22 14:26:26,848 DEBUG selectByPrimaryKey:145 ---- ==> Parameters: 2(Integer)
2018-01-22 14:26:26,870 DEBUG selectByPrimaryKey:145 ---- <==      Total: 1
2018-01-22 14:26:26,874 DEBUG selectAll:145 ---- ==>  Preparing: select flightNum, flightPrice, numSeats, flightnumAvail, flyDate, flyfromCity, flytoCity from flight 
2018-01-22 14:26:26,875 DEBUG selectAll:145 ---- ==> Parameters: 
2018-01-22 14:26:26,879 DEBUG selectAll:145 ---- <==      Total: 2
2018-01-22 14:26:26,881  INFO WebLogAspect:64 ---- RESPONSE : oprate/main
2018-01-22 14:28:53,941  INFO MainAplication:48 ---- Starting MainAplication on MICROSOFT with PID 4352 (F:\springboot+bootStarp\lvyou\target\classes started by Administrator in F:\springboot+bootStarp\lvyou)
2018-01-22 14:28:53,945 DEBUG MainAplication:51 ---- Running with Spring Boot v1.3.2.RELEASE, Spring v4.2.4.RELEASE
2018-01-22 14:28:53,946  INFO MainAplication:666 ---- No active profile set, falling back to default profiles: default
2018-01-22 14:29:02,715  INFO MainAplication:57 ---- Started MainAplication in 9.531 seconds (JVM running for 10.421)
2018-01-22 14:29:13,857  INFO WebLogAspect:40 ---- url:/oprateSystem/goto
2018-01-22 14:29:13,859  INFO WebLogAspect:41 ---- IP:0:0:0:0:0:0:0:1
2018-01-22 14:29:13,860  INFO WebLogAspect:42 ---- http_method:GET
2018-01-22 14:29:13,863  INFO WebLogAspect:43 ---- class_method:com.liang.web.OperateController.index
2018-01-22 14:29:13,864  INFO WebLogAspect:44 ---- Args:[2, {}]
2018-01-22 14:29:14,433 DEBUG selectByPrimaryKey:145 ---- ==>  Preparing: select userId, userName, sex, age, identifyNo, phone, password from journeyuser where userId = ? 
2018-01-22 14:29:14,469 DEBUG selectByPrimaryKey:145 ---- ==> Parameters: 2(Integer)
2018-01-22 14:29:14,492 DEBUG selectByPrimaryKey:145 ---- <==      Total: 1
2018-01-22 14:29:14,495 DEBUG selectAll:145 ---- ==>  Preparing: select flightNum, flightPrice, numSeats, flightnumAvail, flyDate, flyfromCity, flytoCity from flight 
2018-01-22 14:29:14,496 DEBUG selectAll:145 ---- ==> Parameters: 
2018-01-22 14:29:14,500 DEBUG selectAll:145 ---- <==      Total: 2
2018-01-22 14:29:14,502  INFO WebLogAspect:64 ---- RESPONSE : oprate/main
2018-01-22 14:33:30,424  INFO MainAplication:48 ---- Starting MainAplication on MICROSOFT with PID 6252 (F:\springboot+bootStarp\lvyou\target\classes started by Administrator in F:\springboot+bootStarp\lvyou)
2018-01-22 14:33:30,430 DEBUG MainAplication:51 ---- Running with Spring Boot v1.3.2.RELEASE, Spring v4.2.4.RELEASE
2018-01-22 14:33:30,432  INFO MainAplication:666 ---- No active profile set, falling back to default profiles: default
2018-01-22 14:33:40,104  INFO MainAplication:57 ---- Started MainAplication in 10.325 seconds (JVM running for 13.123)
2018-01-22 14:36:13,173  INFO WebLogAspect:40 ---- url:/oprateSystem/goto
2018-01-22 14:36:13,175  INFO WebLogAspect:41 ---- IP:0:0:0:0:0:0:0:1
2018-01-22 14:36:13,176  INFO WebLogAspect:42 ---- http_method:GET
2018-01-22 14:36:13,180  INFO WebLogAspect:43 ---- class_method:com.liang.web.OperateController.index
2018-01-22 14:36:13,182  INFO WebLogAspect:44 ---- Args:[2, {}]
2018-01-22 14:36:13,830 DEBUG selectByPrimaryKey:145 ---- ==>  Preparing: select userId, userName, sex, age, identifyNo, phone, password from journeyuser where userId = ? 
2018-01-22 14:36:13,869 DEBUG selectByPrimaryKey:145 ---- ==> Parameters: 2(Integer)
2018-01-22 14:36:13,895 DEBUG selectByPrimaryKey:145 ---- <==      Total: 1
2018-01-22 14:36:13,899 DEBUG selectAll:145 ---- ==>  Preparing: select flightNum, flightPrice, numSeats, flightnumAvail, flyDate, flyfromCity, flytoCity from flight 
2018-01-22 14:36:13,901 DEBUG selectAll:145 ---- ==> Parameters: 
2018-01-22 14:36:13,908 DEBUG selectAll:145 ---- <==      Total: 2
2018-01-22 14:36:13,910  INFO WebLogAspect:64 ---- RESPONSE : oprate/main
2018-01-22 14:42:47,887  INFO MainAplication:48 ---- Starting MainAplication on MICROSOFT with PID 1876 (F:\springboot+bootStarp\lvyou\target\classes started by Administrator in F:\springboot+bootStarp\lvyou)
2018-01-22 14:42:47,893 DEBUG MainAplication:51 ---- Running with Spring Boot v1.3.2.RELEASE, Spring v4.2.4.RELEASE
2018-01-22 14:42:47,895  INFO MainAplication:666 ---- No active profile set, falling back to default profiles: default
2018-01-22 14:42:57,670  INFO MainAplication:57 ---- Started MainAplication in 10.601 seconds (JVM running for 11.664)
2018-01-22 14:43:01,798  INFO WebLogAspect:40 ---- url:/oprateSystem/goto
2018-01-22 14:43:01,800  INFO WebLogAspect:41 ---- IP:0:0:0:0:0:0:0:1
2018-01-22 14:43:01,801  INFO WebLogAspect:42 ---- http_method:GET
2018-01-22 14:43:01,805  INFO WebLogAspect:43 ---- class_method:com.liang.web.OperateController.index
2018-01-22 14:43:01,806  INFO WebLogAspect:44 ---- Args:[2, {}]
2018-01-22 14:43:02,320 DEBUG selectByPrimaryKey:145 ---- ==>  Preparing: select userId, userName, sex, age, identifyNo, phone, password from journeyuser where userId = ? 
2018-01-22 14:43:02,351 DEBUG selectByPrimaryKey:145 ---- ==> Parameters: 2(Integer)
2018-01-22 14:43:02,368 DEBUG selectByPrimaryKey:145 ---- <==      Total: 1
2018-01-22 14:43:02,372 DEBUG selectAll:145 ---- ==>  Preparing: select flightNum, flightPrice, numSeats, flightnumAvail, flyDate, flyfromCity, flytoCity from flight 
2018-01-22 14:43:02,373 DEBUG selectAll:145 ---- ==> Parameters: 
2018-01-22 14:43:02,376 DEBUG selectAll:145 ---- <==      Total: 2
2018-01-22 14:43:02,377  INFO WebLogAspect:64 ---- RESPONSE : oprate/main
2018-01-22 15:01:38,594  INFO MainAplication:48 ---- Starting MainAplication on MICROSOFT with PID 6320 (F:\springboot+bootStarp\lvyou\target\classes started by Administrator in F:\springboot+bootStarp\lvyou)
2018-01-22 15:01:38,601 DEBUG MainAplication:51 ---- Running with Spring Boot v1.3.2.RELEASE, Spring v4.2.4.RELEASE
2018-01-22 15:01:38,603  INFO MainAplication:666 ---- No active profile set, falling back to default profiles: default
2018-01-22 15:01:49,608  INFO MainAplication:57 ---- Started MainAplication in 11.882 seconds (JVM running for 13.077)
2018-01-22 15:02:35,761  INFO WebLogAspect:40 ---- url:/oprateSystem/goto
2018-01-22 15:02:35,763  INFO WebLogAspect:41 ---- IP:0:0:0:0:0:0:0:1
2018-01-22 15:02:35,764  INFO WebLogAspect:42 ---- http_method:GET
2018-01-22 15:02:35,768  INFO WebLogAspect:43 ---- class_method:com.liang.web.OperateController.index
2018-01-22 15:02:35,769  INFO WebLogAspect:44 ---- Args:[2, {}]
2018-01-22 15:02:36,259 DEBUG selectByPrimaryKey:145 ---- ==>  Preparing: select userId, userName, sex, age, identifyNo, phone, password from journeyuser where userId = ? 
2018-01-22 15:02:36,291 DEBUG selectByPrimaryKey:145 ---- ==> Parameters: 2(Integer)
2018-01-22 15:02:36,313 DEBUG selectByPrimaryKey:145 ---- <==      Total: 1
2018-01-22 15:02:36,317 DEBUG selectAll:145 ---- ==>  Preparing: select flightNum, flightPrice, numSeats, flightnumAvail, flyDate, flyfromCity, flytoCity from flight 
2018-01-22 15:02:36,318 DEBUG selectAll:145 ---- ==> Parameters: 
2018-01-22 15:02:36,322 DEBUG selectAll:145 ---- <==      Total: 2
2018-01-22 15:02:36,324  INFO WebLogAspect:64 ---- RESPONSE : oprate/main
2018-01-22 15:07:34,540  INFO MainAplication:48 ---- Starting MainAplication on MICROSOFT with PID 4656 (F:\springboot+bootStarp\lvyou\target\classes started by Administrator in F:\springboot+bootStarp\lvyou)
2018-01-22 15:07:34,548 DEBUG MainAplication:51 ---- Running with Spring Boot v1.3.2.RELEASE, Spring v4.2.4.RELEASE
2018-01-22 15:07:34,581  INFO MainAplication:666 ---- No active profile set, falling back to default profiles: default
2018-01-22 15:07:44,801  INFO MainAplication:57 ---- Started MainAplication in 11.157 seconds (JVM running for 12.301)
2018-01-22 15:10:10,000  INFO WebLogAspect:40 ---- url:/oprateSystem/flight/query
2018-01-22 15:10:10,001  INFO WebLogAspect:41 ---- IP:0:0:0:0:0:0:0:1
2018-01-22 15:10:10,001  INFO WebLogAspect:42 ---- http_method:GET
2018-01-22 15:10:10,003  INFO WebLogAspect:43 ---- class_method:com.liang.web.FightController.queryFight
2018-01-22 15:10:10,004  INFO WebLogAspect:44 ---- Args:[2, {}]
2018-01-22 15:10:20,288 DEBUG selectByPrimaryKey:145 ---- ==>  Preparing: select userId, userName, sex, age, identifyNo, phone, password from journeyuser where userId = ? 
2018-01-22 15:10:20,327 DEBUG selectByPrimaryKey:145 ---- ==> Parameters: 2(Integer)
2018-01-22 15:10:20,349 DEBUG selectByPrimaryKey:145 ---- <==      Total: 1
2018-01-22 15:10:20,353 DEBUG selectAll:145 ---- ==>  Preparing: select flightNum, flightPrice, numSeats, flightnumAvail, flyDate, flyfromCity, flytoCity from flight 
2018-01-22 15:10:20,354 DEBUG selectAll:145 ---- ==> Parameters: 
2018-01-22 15:10:20,359 DEBUG selectAll:145 ---- <==      Total: 2
2018-01-22 15:10:20,360  INFO WebLogAspect:64 ---- RESPONSE : oprate/main
2018-01-22 15:14:39,068  INFO MainAplication:48 ---- Starting MainAplication on MICROSOFT with PID 7336 (F:\springboot+bootStarp\lvyou\target\classes started by Administrator in F:\springboot+bootStarp\lvyou)
2018-01-22 15:14:39,072 DEBUG MainAplication:51 ---- Running with Spring Boot v1.3.2.RELEASE, Spring v4.2.4.RELEASE
2018-01-22 15:14:39,074  INFO MainAplication:666 ---- No active profile set, falling back to default profiles: default
2018-01-22 15:14:48,964  INFO MainAplication:57 ---- Started MainAplication in 10.688 seconds (JVM running for 11.745)
2018-01-22 15:39:23,767  INFO MainAplication:48 ---- Starting MainAplication on MICROSOFT with PID 7428 (F:\springboot+bootStarp\lvyou\target\classes started by Administrator in F:\springboot+bootStarp\lvyou)
2018-01-22 15:39:23,774 DEBUG MainAplication:51 ---- Running with Spring Boot v1.3.2.RELEASE, Spring v4.2.4.RELEASE
2018-01-22 15:39:23,776  INFO MainAplication:666 ---- No active profile set, falling back to default profiles: default
2018-01-22 15:39:29,484  INFO MainAplication:48 ---- Starting MainAplication on MICROSOFT with PID 6584 (F:\springboot+bootStarp\lvyou\target\classes started by Administrator in F:\springboot+bootStarp\lvyou)
2018-01-22 15:39:29,489 DEBUG MainAplication:51 ---- Running with Spring Boot v1.3.2.RELEASE, Spring v4.2.4.RELEASE
2018-01-22 15:39:29,490  INFO MainAplication:666 ---- No active profile set, falling back to default profiles: default
2018-01-22 15:39:44,108  INFO MainAplication:57 ---- Started MainAplication in 15.604 seconds (JVM running for 16.665)
2018-01-22 15:40:22,188  INFO WebLogAspect:40 ---- url:/oprateSystem/goto
2018-01-22 15:40:22,190  INFO WebLogAspect:41 ---- IP:0:0:0:0:0:0:0:1
2018-01-22 15:40:22,191  INFO WebLogAspect:42 ---- http_method:GET
2018-01-22 15:40:22,194  INFO WebLogAspect:43 ---- class_method:com.liang.web.OperateController.index
2018-01-22 15:40:22,195  INFO WebLogAspect:44 ---- Args:[2, {}]
2018-01-22 15:40:22,696 DEBUG selectByPrimaryKey:145 ---- ==>  Preparing: select userId, userName, sex, age, identifyNo, phone, password from journeyuser where userId = ? 
2018-01-22 15:40:22,725 DEBUG selectByPrimaryKey:145 ---- ==> Parameters: 2(Integer)
2018-01-22 15:40:22,742 DEBUG selectByPrimaryKey:145 ---- <==      Total: 1
2018-01-22 15:40:22,745 DEBUG selectAll:145 ---- ==>  Preparing: select flightNum, flightPrice, numSeats, flightnumAvail, flyDate, flyfromCity, flytoCity from flight 
2018-01-22 15:40:22,746 DEBUG selectAll:145 ---- ==> Parameters: 
2018-01-22 15:40:22,750 DEBUG selectAll:145 ---- <==      Total: 2
2018-01-22 15:40:22,752  INFO WebLogAspect:64 ---- RESPONSE : oprate/main
2018-01-22 15:40:38,111  INFO WebLogAspect:40 ---- url:/oprateSystem/flight/insert
2018-01-22 15:40:38,112  INFO WebLogAspect:41 ---- IP:0:0:0:0:0:0:0:1
2018-01-22 15:40:38,113  INFO WebLogAspect:42 ---- http_method:POST
2018-01-22 15:40:38,113  INFO WebLogAspect:43 ---- class_method:com.liang.web.FightController.insertFight
2018-01-22 15:40:38,114  INFO WebLogAspect:44 ---- Args:[Flight [Hash = -765440627, flightnum=EU212, flightprice=null, numseats=null, flightnumavail=21, flydate=null, flyfromcity=null, flytocity=null, serialVersionUID=1], {flight=Flight [Hash = -765440627, flightnum=EU212, flightprice=null, numseats=null, flightnumavail=21, flydate=null, flyfromcity=null, flytocity=null, serialVersionUID=1], org.springframework.validation.BindingResult.flight=org.springframework.validation.BeanPropertyBindingResult: 0 errors}]
2018-01-22 15:40:44,622 DEBUG insert:145 ---- ==>  Preparing: insert into flight (flightNum, flightPrice, numSeats, flightnumAvail, flyDate, flyfromCity, flytoCity) values (?, ?, ?, ?, ?, ?, ?) 
2018-01-22 15:40:44,658 DEBUG insert:145 ---- ==> Parameters: EU212(String), null, null, 21(Integer), null, null, null
2018-01-22 15:42:41,916  INFO MainAplication:48 ---- Starting MainAplication on MICROSOFT with PID 6968 (F:\springboot+bootStarp\lvyou\target\classes started by Administrator in F:\springboot+bootStarp\lvyou)
2018-01-22 15:42:41,921 DEBUG MainAplication:51 ---- Running with Spring Boot v1.3.2.RELEASE, Spring v4.2.4.RELEASE
2018-01-22 15:42:41,923  INFO MainAplication:666 ---- No active profile set, falling back to default profiles: default
2018-01-22 15:42:50,996  INFO MainAplication:57 ---- Started MainAplication in 10.002 seconds (JVM running for 10.905)
2018-01-22 15:42:59,046  INFO WebLogAspect:40 ---- url:/oprateSystem/goto
2018-01-22 15:42:59,048  INFO WebLogAspect:41 ---- IP:0:0:0:0:0:0:0:1
2018-01-22 15:42:59,048  INFO WebLogAspect:42 ---- http_method:GET
2018-01-22 15:42:59,051  INFO WebLogAspect:43 ---- class_method:com.liang.web.OperateController.index
2018-01-22 15:42:59,051  INFO WebLogAspect:44 ---- Args:[2, {}]
2018-01-22 15:42:59,512 DEBUG selectByPrimaryKey:145 ---- ==>  Preparing: select userId, userName, sex, age, identifyNo, phone, password from journeyuser where userId = ? 
2018-01-22 15:42:59,539 DEBUG selectByPrimaryKey:145 ---- ==> Parameters: 2(Integer)
2018-01-22 15:42:59,557 DEBUG selectByPrimaryKey:145 ---- <==      Total: 1
2018-01-22 15:42:59,561 DEBUG selectAll:145 ---- ==>  Preparing: select flightNum, flightPrice, numSeats, flightnumAvail, flyDate, flyfromCity, flytoCity from flight 
2018-01-22 15:42:59,562 DEBUG selectAll:145 ---- ==> Parameters: 
2018-01-22 15:42:59,566 DEBUG selectAll:145 ---- <==      Total: 2
2018-01-22 15:42:59,567  INFO WebLogAspect:64 ---- RESPONSE : oprate/main
2018-01-22 15:43:20,244  INFO WebLogAspect:40 ---- url:/oprateSystem/flight/insert
2018-01-22 15:43:20,245  INFO WebLogAspect:41 ---- IP:0:0:0:0:0:0:0:1
2018-01-22 15:43:20,245  INFO WebLogAspect:42 ---- http_method:POST
2018-01-22 15:43:20,246  INFO WebLogAspect:43 ---- class_method:com.liang.web.FightController.insertFight
2018-01-22 15:43:20,246  INFO WebLogAspect:44 ---- Args:[Flight [Hash = -1866310458, flightnum=ew32, flightprice=123, numseats=21, flightnumavail=2, flydate=null, flyfromcity=那是, flytocity=我去, serialVersionUID=1], {flight=Flight [Hash = -1866310458, flightnum=ew32, flightprice=123, numseats=21, flightnumavail=2, flydate=null, flyfromcity=那是, flytocity=我去, serialVersionUID=1], org.springframework.validation.BindingResult.flight=org.springframework.validation.BeanPropertyBindingResult: 0 errors}]
2018-01-22 15:43:20,255 DEBUG insert:145 ---- ==>  Preparing: insert into flight (flightNum, flightPrice, numSeats, flightnumAvail, flyDate, flyfromCity, flytoCity) values (?, ?, ?, ?, ?, ?, ?) 
2018-01-22 15:43:20,257 DEBUG insert:145 ---- ==> Parameters: ew32(String), 123(Integer), 21(Integer), 2(Integer), null, 那是(String), 我去(String)
2018-01-22 15:44:14,567  INFO MainAplication:48 ---- Starting MainAplication on MICROSOFT with PID 7864 (F:\springboot+bootStarp\lvyou\target\classes started by Administrator in F:\springboot+bootStarp\lvyou)
2018-01-22 15:44:14,572 DEBUG MainAplication:51 ---- Running with Spring Boot v1.3.2.RELEASE, Spring v4.2.4.RELEASE
2018-01-22 15:44:14,578  INFO MainAplication:666 ---- No active profile set, falling back to default profiles: default
2018-01-22 15:44:25,910  INFO MainAplication:57 ---- Started MainAplication in 12.108 seconds (JVM running for 13.237)
2018-01-22 15:44:27,578  INFO WebLogAspect:40 ---- url:/oprateSystem/goto
2018-01-22 15:44:27,580  INFO WebLogAspect:41 ---- IP:0:0:0:0:0:0:0:1
2018-01-22 15:44:27,581  INFO WebLogAspect:42 ---- http_method:GET
2018-01-22 15:44:27,585  INFO WebLogAspect:43 ---- class_method:com.liang.web.OperateController.index
2018-01-22 15:44:27,586  INFO WebLogAspect:44 ---- Args:[2, {}]
2018-01-22 15:44:28,172 DEBUG selectByPrimaryKey:145 ---- ==>  Preparing: select userId, userName, sex, age, identifyNo, phone, password from journeyuser where userId = ? 
2018-01-22 15:44:28,203 DEBUG selectByPrimaryKey:145 ---- ==> Parameters: 2(Integer)
2018-01-22 15:44:28,222 DEBUG selectByPrimaryKey:145 ---- <==      Total: 1
2018-01-22 15:44:28,225 DEBUG selectAll:145 ---- ==>  Preparing: select flightNum, flightPrice, numSeats, flightnumAvail, flyDate, flyfromCity, flytoCity from flight 
2018-01-22 15:44:28,226 DEBUG selectAll:145 ---- ==> Parameters: 
2018-01-22 15:44:28,229 DEBUG selectAll:145 ---- <==      Total: 2
2018-01-22 15:44:28,231  INFO WebLogAspect:64 ---- RESPONSE : oprate/main
2018-01-22 15:44:51,528  INFO WebLogAspect:40 ---- url:/oprateSystem/flight/insert
2018-01-22 15:44:51,566  INFO WebLogAspect:41 ---- IP:0:0:0:0:0:0:0:1
2018-01-22 15:44:51,567  INFO WebLogAspect:42 ---- http_method:POST
2018-01-22 15:44:51,567  INFO WebLogAspect:43 ---- class_method:com.liang.web.FightController.insertFight
2018-01-22 15:44:51,568  INFO WebLogAspect:44 ---- Args:[Flight [Hash = -146390430, flightnum=wq21, flightprice=21, numseats=21, flightnumavail=2, flydate=null, flyfromcity=sa, flytocity=wq, serialVersionUID=1], {flight=Flight [Hash = -146390430, flightnum=wq21, flightprice=21, numseats=21, flightnumavail=2, flydate=null, flyfromcity=sa, flytocity=wq, serialVersionUID=1], org.springframework.validation.BindingResult.flight=org.springframework.validation.BeanPropertyBindingResult: 0 errors}]
2018-01-22 15:45:59,668 DEBUG insert:145 ---- ==>  Preparing: insert into flight (flightNum, flightPrice, numSeats, flightnumAvail, flyDate, flyfromCity, flytoCity) values (?, ?, ?, ?, ?, ?, ?) 
2018-01-22 15:45:59,681 DEBUG insert:145 ---- ==> Parameters: wq21(String), 21(Integer), 21(Integer), 2(Integer), null, sa(String), wq(String)
2018-01-22 15:46:56,990  INFO MainAplication:48 ---- Starting MainAplication on MICROSOFT with PID 6432 (F:\springboot+bootStarp\lvyou\target\classes started by Administrator in F:\springboot+bootStarp\lvyou)
2018-01-22 15:46:56,995 DEBUG MainAplication:51 ---- Running with Spring Boot v1.3.2.RELEASE, Spring v4.2.4.RELEASE
2018-01-22 15:46:56,997  INFO MainAplication:666 ---- No active profile set, falling back to default profiles: default
2018-01-22 15:47:07,705  INFO MainAplication:57 ---- Started MainAplication in 11.529 seconds (JVM running for 12.548)
2018-01-22 15:47:18,325  INFO WebLogAspect:40 ---- url:/oprateSystem/flight/insert
2018-01-22 15:47:18,327  INFO WebLogAspect:41 ---- IP:0:0:0:0:0:0:0:1
2018-01-22 15:47:18,328  INFO WebLogAspect:42 ---- http_method:POST
2018-01-22 15:47:18,332  INFO WebLogAspect:43 ---- class_method:com.liang.web.FightController.insertFight
2018-01-22 15:47:18,344  INFO WebLogAspect:44 ---- Args:[Flight [Hash = -146390430, flightnum=wq21, flightprice=21, numseats=21, flightnumavail=2, flydate=null, flyfromcity=sa, flytocity=wq, serialVersionUID=1], {flight=Flight [Hash = -146390430, flightnum=wq21, flightprice=21, numseats=21, flightnumavail=2, flydate=null, flyfromcity=sa, flytocity=wq, serialVersionUID=1], org.springframework.validation.BindingResult.flight=org.springframework.validation.BeanPropertyBindingResult: 0 errors}]
2018-01-22 15:47:55,495 DEBUG insert:145 ---- ==>  Preparing: insert into flight (flightNum, flightPrice, numSeats, flightnumAvail, flyDate, flyfromCity, flytoCity) values (?, ?, ?, ?, ?, ?, ?) 
2018-01-22 15:47:55,890 DEBUG insert:145 ---- ==> Parameters: wq21(String), 21(Integer), 21(Integer), 2(Integer), null, sa(String), wq(String)
2018-01-22 16:03:28,954  INFO MainAplication:48 ---- Starting MainAplication on MICROSOFT with PID 8860 (F:\springboot+bootStarp\lvyou\target\classes started by Administrator in F:\springboot+bootStarp\lvyou)
2018-01-22 16:03:28,962 DEBUG MainAplication:51 ---- Running with Spring Boot v1.3.2.RELEASE, Spring v4.2.4.RELEASE
2018-01-22 16:03:28,966  INFO MainAplication:666 ---- No active profile set, falling back to default profiles: default
2018-01-22 16:03:40,858  INFO MainAplication:57 ---- Started MainAplication in 12.737 seconds (JVM running for 13.907)
2018-01-22 16:03:51,501  INFO WebLogAspect:40 ---- url:/oprateSystem/flight/insert
2018-01-22 16:03:51,502  INFO WebLogAspect:41 ---- IP:0:0:0:0:0:0:0:1
2018-01-22 16:03:51,503  INFO WebLogAspect:42 ---- http_method:POST
2018-01-22 16:03:51,507  INFO WebLogAspect:43 ---- class_method:com.liang.web.FightController.insertFight
2018-01-22 16:03:51,509  INFO WebLogAspect:44 ---- Args:[Flight [Hash = -146390430, flightnum=wq21, flightprice=21, numseats=21, flightnumavail=2, flydate=null, flyfromcity=sa, flytocity=wq, serialVersionUID=1], {flight=Flight [Hash = -146390430, flightnum=wq21, flightprice=21, numseats=21, flightnumavail=2, flydate=null, flyfromcity=sa, flytocity=wq, serialVersionUID=1], org.springframework.validation.BindingResult.flight=org.springframework.validation.BeanPropertyBindingResult: 0 errors}]
2018-01-22 16:03:57,338 DEBUG insert:145 ---- ==>  Preparing: insert into flight (flightNum, flightPrice, numSeats, flightnumAvail, flyDate, flyfromCity, flytoCity) values (?, ?, ?, ?, ?, ?, ?) 
2018-01-22 16:03:57,402 DEBUG insert:145 ---- ==> Parameters: wq21(String), 21(Integer), 21(Integer), 2(Integer), null, sa(String), wq(String)
2018-01-22 16:06:08,463  INFO MainAplication:48 ---- Starting MainAplication on MICROSOFT with PID 9208 (F:\springboot+bootStarp\lvyou\target\classes started by Administrator in F:\springboot+bootStarp\lvyou)
2018-01-22 16:06:08,468 DEBUG MainAplication:51 ---- Running with Spring Boot v1.3.2.RELEASE, Spring v4.2.4.RELEASE
2018-01-22 16:06:08,469  INFO MainAplication:666 ---- No active profile set, falling back to default profiles: default
2018-01-22 16:06:34,656  INFO MainAplication:48 ---- Starting MainAplication on MICROSOFT with PID 7316 (F:\springboot+bootStarp\lvyou\target\classes started by Administrator in F:\springboot+bootStarp\lvyou)
2018-01-22 16:06:34,661 DEBUG MainAplication:51 ---- Running with Spring Boot v1.3.2.RELEASE, Spring v4.2.4.RELEASE
2018-01-22 16:06:34,664  INFO MainAplication:666 ---- No active profile set, falling back to default profiles: default
2018-01-22 16:06:44,606  INFO MainAplication:57 ---- Started MainAplication in 10.728 seconds (JVM running for 11.684)
2018-01-22 16:08:38,008  INFO WebLogAspect:40 ---- url:/oprateSystem/goto
2018-01-22 16:08:38,010  INFO WebLogAspect:41 ---- IP:0:0:0:0:0:0:0:1
2018-01-22 16:08:38,011  INFO WebLogAspect:42 ---- http_method:GET
2018-01-22 16:08:38,013  INFO WebLogAspect:43 ---- class_method:com.liang.web.OperateController.index
2018-01-22 16:08:38,014  INFO WebLogAspect:44 ---- Args:[2, {}]
2018-01-22 16:08:38,472 DEBUG selectByPrimaryKey:145 ---- ==>  Preparing: select userId, userName, sex, age, identifyNo, phone, password from journeyuser where userId = ? 
2018-01-22 16:08:38,496 DEBUG selectByPrimaryKey:145 ---- ==> Parameters: 2(Integer)
2018-01-22 16:08:38,512 DEBUG selectByPrimaryKey:145 ---- <==      Total: 1
2018-01-22 16:08:38,515 DEBUG selectAll:145 ---- ==>  Preparing: select flightNum, flightPrice, numSeats, flightnumAvail, flyDate, flyfromCity, flytoCity from flight 
2018-01-22 16:08:38,516 DEBUG selectAll:145 ---- ==> Parameters: 
2018-01-22 16:08:38,519 DEBUG selectAll:145 ---- <==      Total: 2
2018-01-22 16:08:38,521  INFO WebLogAspect:64 ---- RESPONSE : oprate/main
2018-01-22 16:08:41,449  INFO WebLogAspect:40 ---- url:/oprateSystem/goto
2018-01-22 16:08:41,451  INFO WebLogAspect:41 ---- IP:0:0:0:0:0:0:0:1
2018-01-22 16:08:41,452  INFO WebLogAspect:42 ---- http_method:GET
2018-01-22 16:08:41,452  INFO WebLogAspect:43 ---- class_method:com.liang.web.OperateController.index
2018-01-22 16:08:41,452  INFO WebLogAspect:44 ---- Args:[2, {}]
2018-01-22 16:08:41,453 DEBUG selectByPrimaryKey:145 ---- ==>  Preparing: select userId, userName, sex, age, identifyNo, phone, password from journeyuser where userId = ? 
2018-01-22 16:08:41,460 DEBUG selectByPrimaryKey:145 ---- ==> Parameters: 2(Integer)
2018-01-22 16:08:41,465 DEBUG selectByPrimaryKey:145 ---- <==      Total: 1
2018-01-22 16:08:41,467 DEBUG selectAll:145 ---- ==>  Preparing: select flightNum, flightPrice, numSeats, flightnumAvail, flyDate, flyfromCity, flytoCity from flight 
2018-01-22 16:08:41,468 DEBUG selectAll:145 ---- ==> Parameters: 
2018-01-22 16:08:41,479 DEBUG selectAll:145 ---- <==      Total: 2
2018-01-22 16:08:41,480  INFO WebLogAspect:64 ---- RESPONSE : oprate/main
2018-01-22 16:08:49,738  INFO WebLogAspect:40 ---- url:/oprateSystem/flight/insert
2018-01-22 16:08:49,739  INFO WebLogAspect:41 ---- IP:0:0:0:0:0:0:0:1
2018-01-22 16:08:49,739  INFO WebLogAspect:42 ---- http_method:POST
2018-01-22 16:08:49,740  INFO WebLogAspect:43 ---- class_method:com.liang.web.FightController.insertFight
2018-01-22 16:08:49,740  INFO WebLogAspect:44 ---- Args:[Flight [Hash = 790728141, flightnum=wq, flightprice=21, numseats=2, flightnumavail=2, flydate=null, flyfromcity=aw, flytocity=21, serialVersionUID=1], {flight=Flight [Hash = 790728141, flightnum=wq, flightprice=21, numseats=2, flightnumavail=2, flydate=null, flyfromcity=aw, flytocity=21, serialVersionUID=1], org.springframework.validation.BindingResult.flight=org.springframework.validation.BeanPropertyBindingResult: 0 errors}]
2018-01-22 16:08:49,759 DEBUG insert:145 ---- ==>  Preparing: insert into flight (flightNum, flightPrice, numSeats, flightnumAvail, flyDate, flyfromCity, flytoCity) values (?, ?, ?, ?, ?, ?, ?) 
2018-01-22 16:08:49,772 DEBUG insert:145 ---- ==> Parameters: wq(String), 21(Integer), 2(Integer), 2(Integer), null, aw(String), 21(String)
2018-01-22 16:20:58,404  INFO MainAplication:48 ---- Starting MainAplication on MICROSOFT with PID 8560 (F:\springboot+bootStarp\lvyou\target\classes started by Administrator in F:\springboot+bootStarp\lvyou)
2018-01-22 16:20:58,465 DEBUG MainAplication:51 ---- Running with Spring Boot v1.3.2.RELEASE, Spring v4.2.4.RELEASE
2018-01-22 16:20:58,472  INFO MainAplication:666 ---- No active profile set, falling back to default profiles: default
2018-01-22 16:21:14,464  INFO MainAplication:57 ---- Started MainAplication in 20.224 seconds (JVM running for 23.147)
2018-01-22 16:21:21,338  INFO WebLogAspect:40 ---- url:/oprateSystem/goto
2018-01-22 16:21:21,340  INFO WebLogAspect:41 ---- IP:0:0:0:0:0:0:0:1
2018-01-22 16:21:21,341  INFO WebLogAspect:42 ---- http_method:GET
2018-01-22 16:21:21,345  INFO WebLogAspect:43 ---- class_method:com.liang.web.OperateController.index
2018-01-22 16:21:21,346  INFO WebLogAspect:44 ---- Args:[2, {}]
2018-01-22 16:21:22,187 DEBUG selectByPrimaryKey:145 ---- ==>  Preparing: select userId, userName, sex, age, identifyNo, phone, password from journeyuser where userId = ? 
2018-01-22 16:21:22,214 DEBUG selectByPrimaryKey:145 ---- ==> Parameters: 2(Integer)
2018-01-22 16:21:22,269 DEBUG selectByPrimaryKey:145 ---- <==      Total: 1
2018-01-22 16:21:22,319 DEBUG selectAll:145 ---- ==>  Preparing: select flightNum, flightPrice, numSeats, flightnumAvail, flyDate, flyfromCity, flytoCity from flight 
2018-01-22 16:21:22,320 DEBUG selectAll:145 ---- ==> Parameters: 
2018-01-22 16:21:22,323 DEBUG selectAll:145 ---- <==      Total: 2
2018-01-22 16:21:22,324  INFO WebLogAspect:64 ---- RESPONSE : oprate/main
2018-01-22 16:21:43,304  INFO WebLogAspect:40 ---- url:/oprateSystem/flight/insert
2018-01-22 16:21:43,305  INFO WebLogAspect:41 ---- IP:0:0:0:0:0:0:0:1
2018-01-22 16:21:43,305  INFO WebLogAspect:42 ---- http_method:POST
2018-01-22 16:21:43,306  INFO WebLogAspect:43 ---- class_method:com.liang.web.FightController.insertFight
2018-01-22 16:21:43,306  INFO WebLogAspect:44 ---- Args:[Flight [Hash = -126665069, flightnum=wq21, flightprice=21, numseats=2, flightnumavail=12, flydate=null, flyfromcity=那是, flytocity=啥事, serialVersionUID=1], {flight=Flight [Hash = -126665069, flightnum=wq21, flightprice=21, numseats=2, flightnumavail=12, flydate=null, flyfromcity=那是, flytocity=啥事, serialVersionUID=1], org.springframework.validation.BindingResult.flight=org.springframework.validation.BeanPropertyBindingResult: 0 errors}]
2018-01-22 16:22:23,707 DEBUG insert:145 ---- ==>  Preparing: insert into flight (flightNum, flightPrice, numSeats, flightnumAvail, flyDate, flyfromCity, flytoCity) values (?, ?, ?, ?, ?, ?, ?) 
2018-01-22 16:22:23,725 DEBUG insert:145 ---- ==> Parameters: wq21(String), 21(Integer), 2(Integer), 12(Integer), null, 那是(String), 啥事(String)
2018-01-22 16:32:44,542  INFO MainAplication:48 ---- Starting MainAplication on MICROSOFT with PID 5228 (F:\springboot+bootStarp\lvyou\target\classes started by Administrator in F:\springboot+bootStarp\lvyou)
2018-01-22 16:32:44,551 DEBUG MainAplication:51 ---- Running with Spring Boot v1.3.2.RELEASE, Spring v4.2.4.RELEASE
2018-01-22 16:32:44,552  INFO MainAplication:666 ---- No active profile set, falling back to default profiles: default
2018-01-22 16:33:03,647  INFO MainAplication:57 ---- Started MainAplication in 22.784 seconds (JVM running for 28.115)
2018-01-22 16:33:30,169  INFO WebLogAspect:40 ---- url:/oprateSystem/flight/query
2018-01-22 16:33:30,171  INFO WebLogAspect:41 ---- IP:0:0:0:0:0:0:0:1
2018-01-22 16:33:30,171  INFO WebLogAspect:42 ---- http_method:GET
2018-01-22 16:33:30,174  INFO WebLogAspect:43 ---- class_method:com.liang.web.FightController.queryFight
2018-01-22 16:33:30,175  INFO WebLogAspect:44 ---- Args:[2, {}]
2018-01-22 16:33:38,847 DEBUG selectByPrimaryKey:145 ---- ==>  Preparing: select userId, userName, sex, age, identifyNo, phone, password from journeyuser where userId = ? 
2018-01-22 16:33:38,880 DEBUG selectByPrimaryKey:145 ---- ==> Parameters: 2(Integer)
2018-01-22 16:33:38,969 DEBUG selectByPrimaryKey:145 ---- <==      Total: 1
2018-01-22 16:33:38,983 DEBUG selectAll:145 ---- ==>  Preparing: select flightNum, flightPrice, numSeats, flightnumAvail, flyDate, flyfromCity, flytoCity from flight 
2018-01-22 16:33:38,984 DEBUG selectAll:145 ---- ==> Parameters: 
2018-01-22 16:33:39,013 DEBUG selectAll:145 ---- <==      Total: 2
2018-01-22 16:33:39,053  INFO WebLogAspect:64 ---- RESPONSE : oprate/main
2018-01-22 16:34:29,997  INFO WebLogAspect:40 ---- url:/
2018-01-22 16:34:30,004  INFO WebLogAspect:41 ---- IP:0:0:0:0:0:0:0:1
2018-01-22 16:34:30,004  INFO WebLogAspect:42 ---- http_method:GET
2018-01-22 16:34:30,005  INFO WebLogAspect:43 ---- class_method:com.liang.web.LoginController.welcome
2018-01-22 16:34:30,005  INFO WebLogAspect:44 ---- Args:[]
2018-01-22 16:34:30,038  INFO WebLogAspect:64 ---- RESPONSE : index
2018-01-22 16:35:05,347  INFO WebLogAspect:40 ---- url:/login
2018-01-22 16:35:05,347  INFO WebLogAspect:41 ---- IP:0:0:0:0:0:0:0:1
2018-01-22 16:35:05,347  INFO WebLogAspect:42 ---- http_method:POST
2018-01-22 16:35:05,348  INFO WebLogAspect:43 ---- class_method:com.liang.web.LoginController.userLogin
2018-01-22 16:35:05,348  INFO WebLogAspect:44 ---- Args:[JourneyUser [Hash = 233949684, userid=null, username=liang, sex=null, age=null, identifyno=null, phone=null, password=123, serialVersionUID=1], {journeyUser=JourneyUser [Hash = 233949684, userid=null, username=liang, sex=null, age=null, identifyno=null, phone=null, password=123, serialVersionUID=1], org.springframework.validation.BindingResult.journeyUser=org.springframework.validation.BeanPropertyBindingResult: 0 errors}]
2018-01-22 16:35:05,355 DEBUG selectByName:145 ---- ==>  Preparing: select userId, userName, sex, age, identifyNo, phone, password from journeyuser where userName = ? 
2018-01-22 16:35:05,370 DEBUG selectByName:145 ---- ==> Parameters: liang(String)
2018-01-22 16:35:05,372 DEBUG selectByName:145 ---- <==      Total: 1
2018-01-22 16:35:05,374 DEBUG selectByName:145 ---- ==>  Preparing: select userId, userName, sex, age, identifyNo, phone, password from journeyuser where userName = ? 
2018-01-22 16:35:05,375 DEBUG selectByName:145 ---- ==> Parameters: liang(String)
2018-01-22 16:35:05,378 DEBUG selectByName:145 ---- <==      Total: 1
2018-01-22 16:35:05,379  INFO WebLogAspect:64 ---- RESPONSE : userFront
2018-01-22 16:35:07,734  INFO WebLogAspect:40 ---- url:/oprateSystem/goto
2018-01-22 16:35:07,735  INFO WebLogAspect:41 ---- IP:0:0:0:0:0:0:0:1
2018-01-22 16:35:07,736  INFO WebLogAspect:42 ---- http_method:GET
2018-01-22 16:35:07,737  INFO WebLogAspect:43 ---- class_method:com.liang.web.OperateController.index
2018-01-22 16:35:07,737  INFO WebLogAspect:44 ---- Args:[1, {}]
2018-01-22 16:35:07,751 DEBUG selectByPrimaryKey:145 ---- ==>  Preparing: select userId, userName, sex, age, identifyNo, phone, password from journeyuser where userId = ? 
2018-01-22 16:35:07,753 DEBUG selectByPrimaryKey:145 ---- ==> Parameters: 1(Integer)
2018-01-22 16:35:07,769 DEBUG selectByPrimaryKey:145 ---- <==      Total: 1
2018-01-22 16:35:07,770 DEBUG selectAll:145 ---- ==>  Preparing: select flightNum, flightPrice, numSeats, flightnumAvail, flyDate, flyfromCity, flytoCity from flight 
2018-01-22 16:35:07,771 DEBUG selectAll:145 ---- ==> Parameters: 
2018-01-22 16:35:07,774 DEBUG selectAll:145 ---- <==      Total: 2
2018-01-22 16:35:07,775  INFO WebLogAspect:64 ---- RESPONSE : oprate/main
2018-01-22 16:35:26,296  INFO WebLogAspect:40 ---- url:/oprateSystem/flight/insert
2018-01-22 16:35:26,296  INFO WebLogAspect:41 ---- IP:0:0:0:0:0:0:0:1
2018-01-22 16:35:26,296  INFO WebLogAspect:42 ---- http_method:POST
2018-01-22 16:35:26,297  INFO WebLogAspect:43 ---- class_method:com.liang.web.FightController.insertFight
2018-01-22 16:35:26,297  INFO WebLogAspect:44 ---- Args:[Flight [Hash = 251979189, flightnum=wq, flightprice=2, numseats=2, flightnumavail=4, flydate=null, flyfromcity=wqw, flytocity=2asa, serialVersionUID=1], {flight=Flight [Hash = 251979189, flightnum=wq, flightprice=2, numseats=2, flightnumavail=4, flydate=null, flyfromcity=wqw, flytocity=2asa, serialVersionUID=1], org.springframework.validation.BindingResult.flight=org.springframework.validation.BeanPropertyBindingResult: 0 errors}]
2018-01-22 16:35:51,781 DEBUG insert:145 ---- ==>  Preparing: insert into flight (flightNum, flightPrice, numSeats, flightnumAvail, flyDate, flyfromCity, flytoCity) values (?, ?, ?, ?, ?, ?, ?) 
2018-01-22 16:35:51,785 DEBUG insert:145 ---- ==> Parameters: wq(String), 2(Integer), 2(Integer), 4(Integer), null, wqw(String), 2asa(String)
2018-01-22 16:39:45,578  INFO MainAplication:48 ---- Starting MainAplication on MICROSOFT with PID 1220 (F:\springboot+bootStarp\lvyou\target\classes started by Administrator in F:\springboot+bootStarp\lvyou)
2018-01-22 16:39:45,583 DEBUG MainAplication:51 ---- Running with Spring Boot v1.3.2.RELEASE, Spring v4.2.4.RELEASE
2018-01-22 16:39:45,615  INFO MainAplication:666 ---- No active profile set, falling back to default profiles: default
2018-01-22 16:39:59,266  INFO MainAplication:57 ---- Started MainAplication in 14.614 seconds (JVM running for 15.803)
2018-01-22 16:40:50,707  INFO WebLogAspect:40 ---- url:/oprateSystem/goto
2018-01-22 16:40:50,709  INFO WebLogAspect:41 ---- IP:0:0:0:0:0:0:0:1
2018-01-22 16:40:50,710  INFO WebLogAspect:42 ---- http_method:GET
2018-01-22 16:40:50,713  INFO WebLogAspect:43 ---- class_method:com.liang.web.OperateController.index
2018-01-22 16:40:50,714  INFO WebLogAspect:44 ---- Args:[1, {}]
2018-01-22 16:40:51,360 DEBUG selectByPrimaryKey:145 ---- ==>  Preparing: select userId, userName, sex, age, identifyNo, phone, password from journeyuser where userId = ? 
2018-01-22 16:40:51,391 DEBUG selectByPrimaryKey:145 ---- ==> Parameters: 1(Integer)
2018-01-22 16:40:51,409 DEBUG selectByPrimaryKey:145 ---- <==      Total: 1
2018-01-22 16:40:51,412 DEBUG selectAll:145 ---- ==>  Preparing: select flightNum, flightPrice, numSeats, flightnumAvail, flyDate, flyfromCity, flytoCity from flight 
2018-01-22 16:40:51,412 DEBUG selectAll:145 ---- ==> Parameters: 
2018-01-22 16:40:51,416 DEBUG selectAll:145 ---- <==      Total: 2
2018-01-22 16:40:51,417  INFO WebLogAspect:64 ---- RESPONSE : oprate/main
2018-01-22 16:40:54,798  INFO WebLogAspect:40 ---- url:/oprateSystem/goto
2018-01-22 16:40:54,799  INFO WebLogAspect:41 ---- IP:0:0:0:0:0:0:0:1
2018-01-22 16:40:54,800  INFO WebLogAspect:42 ---- http_method:GET
2018-01-22 16:40:54,800  INFO WebLogAspect:43 ---- class_method:com.liang.web.OperateController.index
2018-01-22 16:40:54,801  INFO WebLogAspect:44 ---- Args:[1, {}]
2018-01-22 16:40:54,801 DEBUG selectByPrimaryKey:145 ---- ==>  Preparing: select userId, userName, sex, age, identifyNo, phone, password from journeyuser where userId = ? 
2018-01-22 16:40:54,803 DEBUG selectByPrimaryKey:145 ---- ==> Parameters: 1(Integer)
2018-01-22 16:40:54,820 DEBUG selectByPrimaryKey:145 ---- <==      Total: 1
2018-01-22 16:40:54,825 DEBUG selectAll:145 ---- ==>  Preparing: select flightNum, flightPrice, numSeats, flightnumAvail, flyDate, flyfromCity, flytoCity from flight 
2018-01-22 16:40:54,827 DEBUG selectAll:145 ---- ==> Parameters: 
2018-01-22 16:40:54,829 DEBUG selectAll:145 ---- <==      Total: 2
2018-01-22 16:40:54,830  INFO WebLogAspect:64 ---- RESPONSE : oprate/main
2018-01-22 16:41:10,123  INFO WebLogAspect:40 ---- url:/oprateSystem/flight/insert
2018-01-22 16:41:10,124  INFO WebLogAspect:41 ---- IP:0:0:0:0:0:0:0:1
2018-01-22 16:41:10,124  INFO WebLogAspect:42 ---- http_method:POST
2018-01-22 16:41:10,124  INFO WebLogAspect:43 ---- class_method:com.liang.web.FightController.insertFight
2018-01-22 16:41:10,125  INFO WebLogAspect:44 ---- Args:[Flight [Hash = 790759871, flightnum=wq, flightprice=21, numseats=2, flightnumavail=3, flydate=null, flyfromcity=as, flytocity=sa, serialVersionUID=1], {flight=Flight [Hash = 790759871, flightnum=wq, flightprice=21, numseats=2, flightnumavail=3, flydate=null, flyfromcity=as, flytocity=sa, serialVersionUID=1], org.springframework.validation.BindingResult.flight=org.springframework.validation.BeanPropertyBindingResult: 0 errors}]
2018-01-22 16:41:16,219 DEBUG insert:145 ---- ==>  Preparing: insert into flight (flightNum, flightPrice, numSeats, flightnumAvail, flyDate, flyfromCity, flytoCity) values (?, ?, ?, ?, ?, ?, ?) 
2018-01-22 16:41:16,224 DEBUG insert:145 ---- ==> Parameters: wq(String), 21(Integer), 2(Integer), 3(Integer), null, as(String), sa(String)
2018-01-22 16:42:08,210  INFO WebLogAspect:40 ---- url:/
2018-01-22 16:42:08,211  INFO WebLogAspect:41 ---- IP:0:0:0:0:0:0:0:1
2018-01-22 16:42:08,212  INFO WebLogAspect:42 ---- http_method:GET
2018-01-22 16:42:08,212  INFO WebLogAspect:43 ---- class_method:com.liang.web.LoginController.welcome
2018-01-22 16:42:08,213  INFO WebLogAspect:44 ---- Args:[]
2018-01-22 16:42:08,245  INFO WebLogAspect:64 ---- RESPONSE : index
2018-01-22 16:42:09,997  INFO WebLogAspect:40 ---- url:/signup
2018-01-22 16:42:09,997  INFO WebLogAspect:41 ---- IP:0:0:0:0:0:0:0:1
2018-01-22 16:42:09,998  INFO WebLogAspect:42 ---- http_method:GET
2018-01-22 16:42:10,001  INFO WebLogAspect:43 ---- class_method:com.liang.web.LoginController.signUp
2018-01-22 16:42:10,001  INFO WebLogAspect:44 ---- Args:[]
2018-01-22 16:42:10,002  INFO WebLogAspect:64 ---- RESPONSE : sign/signup
2018-01-22 16:43:18,268  INFO MainAplication:48 ---- Starting MainAplication on MICROSOFT with PID 6072 (F:\springboot+bootStarp\lvyou\target\classes started by Administrator in F:\springboot+bootStarp\lvyou)
2018-01-22 16:43:18,281 DEBUG MainAplication:51 ---- Running with Spring Boot v1.3.2.RELEASE, Spring v4.2.4.RELEASE
2018-01-22 16:43:18,283  INFO MainAplication:666 ---- No active profile set, falling back to default profiles: default
2018-01-22 16:43:28,943  INFO MainAplication:57 ---- Started MainAplication in 11.678 seconds (JVM running for 13.853)
2018-01-22 16:43:33,929  INFO WebLogAspect:40 ---- url:/signup
2018-01-22 16:43:33,930  INFO WebLogAspect:41 ---- IP:0:0:0:0:0:0:0:1
2018-01-22 16:43:33,931  INFO WebLogAspect:42 ---- http_method:GET
2018-01-22 16:43:33,934  INFO WebLogAspect:43 ---- class_method:com.liang.web.LoginController.signUp
2018-01-22 16:43:33,935  INFO WebLogAspect:44 ---- Args:[]
2018-01-22 16:43:33,951  INFO WebLogAspect:64 ---- RESPONSE : sign/signup
2018-01-22 16:43:52,400  INFO WebLogAspect:40 ---- url:/dealsignup
2018-01-22 16:43:52,408  INFO WebLogAspect:41 ---- IP:0:0:0:0:0:0:0:1
2018-01-22 16:43:52,412  INFO WebLogAspect:42 ---- http_method:POST
2018-01-22 16:43:52,413  INFO WebLogAspect:43 ---- class_method:com.liang.web.LoginController.dealSignup
2018-01-22 16:43:52,414  INFO WebLogAspect:44 ---- Args:[JourneyUser [Hash = 1047994558, userid=null, username=qiangge, sex=男, age=21, identifyno=weblogic, phone=1231, password=abc, serialVersionUID=1], {journeyUser=JourneyUser [Hash = 1047994558, userid=null, username=qiangge, sex=男, age=21, identifyno=weblogic, phone=1231, password=abc, serialVersionUID=1], org.springframework.validation.BindingResult.journeyUser=org.springframework.validation.BeanPropertyBindingResult: 0 errors}]
2018-01-22 16:44:30,569 DEBUG insert:145 ---- ==>  Preparing: insert into journeyuser (userId, userName, sex, age, identifyNo, phone, password) values (?, ?, ?, ?, ?, ?, ?) 
2018-01-22 16:44:30,611 DEBUG insert:145 ---- ==> Parameters: null, qiangge(String), 男(String), 21(Integer), weblogic(String), 1231(Integer), abc(String)
2018-01-22 16:46:48,046  INFO MainAplication:48 ---- Starting MainAplication on MICROSOFT with PID 6164 (F:\springboot+bootStarp\lvyou\target\classes started by Administrator in F:\springboot+bootStarp\lvyou)
2018-01-22 16:46:48,052 DEBUG MainAplication:51 ---- Running with Spring Boot v1.3.2.RELEASE, Spring v4.2.4.RELEASE
2018-01-22 16:46:48,053  INFO MainAplication:666 ---- No active profile set, falling back to default profiles: default
2018-01-22 16:46:57,733  INFO MainAplication:57 ---- Started MainAplication in 10.412 seconds (JVM running for 12.441)
2018-01-22 16:47:17,379  INFO WebLogAspect:40 ---- url:/signup
2018-01-22 16:47:17,381  INFO WebLogAspect:41 ---- IP:0:0:0:0:0:0:0:1
2018-01-22 16:47:17,381  INFO WebLogAspect:42 ---- http_method:GET
2018-01-22 16:47:17,385  INFO WebLogAspect:43 ---- class_method:com.liang.web.LoginController.signUp
2018-01-22 16:47:17,386  INFO WebLogAspect:44 ---- Args:[]
2018-01-22 16:47:17,403  INFO WebLogAspect:64 ---- RESPONSE : sign/signup
2018-01-22 16:57:06,299  INFO MainAplication:48 ---- Starting MainAplication on MICROSOFT with PID 6660 (F:\springboot+bootStarp\lvyou\target\classes started by Administrator in F:\springboot+bootStarp\lvyou)
2018-01-22 16:57:06,304 DEBUG MainAplication:51 ---- Running with Spring Boot v1.3.2.RELEASE, Spring v4.2.4.RELEASE
2018-01-22 16:57:06,305  INFO MainAplication:666 ---- No active profile set, falling back to default profiles: default
2018-01-22 16:57:19,080  INFO MainAplication:57 ---- Started MainAplication in 13.689 seconds (JVM running for 15.0)
2018-01-22 16:57:26,299  INFO WebLogAspect:40 ---- url:/signup
2018-01-22 16:57:26,300  INFO WebLogAspect:41 ---- IP:0:0:0:0:0:0:0:1
2018-01-22 16:57:26,300  INFO WebLogAspect:42 ---- http_method:GET
2018-01-22 16:57:26,303  INFO WebLogAspect:43 ---- class_method:com.liang.web.LoginController.signUp
2018-01-22 16:57:26,304  INFO WebLogAspect:44 ---- Args:[]
2018-01-22 16:57:26,343  INFO WebLogAspect:64 ---- RESPONSE : sign/signup
2018-01-22 16:58:04,020  INFO WebLogAspect:40 ---- url:/dealsignup
2018-01-22 16:58:04,022  INFO WebLogAspect:41 ---- IP:0:0:0:0:0:0:0:1
2018-01-22 16:58:04,022  INFO WebLogAspect:42 ---- http_method:POST
2018-01-22 16:58:04,023  INFO WebLogAspect:43 ---- class_method:com.liang.web.LoginController.dealSignup
2018-01-22 16:58:04,024  INFO WebLogAspect:44 ---- Args:[JourneyUser [Hash = 1489732997, userid=null, username=qiangge, sex=男, age=12, identifyno=31, phone=21, password=123, serialVersionUID=1], {journeyUser=JourneyUser [Hash = 1489732997, userid=null, username=qiangge, sex=男, age=12, identifyno=31, phone=21, password=123, serialVersionUID=1], org.springframework.validation.BindingResult.journeyUser=org.springframework.validation.BeanPropertyBindingResult: 0 errors}]
2018-01-22 16:58:31,322 DEBUG insert:145 ---- ==>  Preparing: insert into journeyuser (userId, userName, sex, age, identifyNo, phone, password) values (?, ?, ?, ?, ?, ?, ?) 
2018-01-22 16:58:31,347 DEBUG insert:145 ---- ==> Parameters: null, qiangge(String), 男(String), 12(Integer), 31(String), 21(Integer), 123(String)
2018-01-22 16:58:31,351 DEBUG insert:145 ---- <==    Updates: 1
2018-01-22 16:58:31,353  INFO WebLogAspect:64 ---- RESPONSE : index
2018-01-22 16:59:57,532  INFO WebLogAspect:40 ---- url:/signup
2018-01-22 16:59:57,533  INFO WebLogAspect:41 ---- IP:0:0:0:0:0:0:0:1
2018-01-22 16:59:57,534  INFO WebLogAspect:42 ---- http_method:GET
2018-01-22 16:59:57,534  INFO WebLogAspect:43 ---- class_method:com.liang.web.LoginController.signUp
2018-01-22 16:59:57,535  INFO WebLogAspect:44 ---- Args:[]
2018-01-22 16:59:57,535  INFO WebLogAspect:64 ---- RESPONSE : sign/signup
2018-01-22 17:00:12,515  INFO WebLogAspect:40 ---- url:/dealsignup
2018-01-22 17:00:12,516  INFO WebLogAspect:41 ---- IP:0:0:0:0:0:0:0:1
2018-01-22 17:00:12,516  INFO WebLogAspect:42 ---- http_method:POST
2018-01-22 17:00:12,517  INFO WebLogAspect:43 ---- class_method:com.liang.web.LoginController.dealSignup
2018-01-22 17:00:12,517  INFO WebLogAspect:44 ---- Args:[JourneyUser [Hash = -1529772954, userid=null, username=moji, sex=男, age=26, identifyno=213, phone=123, password=123, serialVersionUID=1], {journeyUser=JourneyUser [Hash = -1529772954, userid=null, username=moji, sex=男, age=26, identifyno=213, phone=123, password=123, serialVersionUID=1], org.springframework.validation.BindingResult.journeyUser=org.springframework.validation.BeanPropertyBindingResult: 0 errors}]
2018-01-22 17:00:15,400 DEBUG insert:145 ---- ==>  Preparing: insert into journeyuser (userId, userName, sex, age, identifyNo, phone, password) values (?, ?, ?, ?, ?, ?, ?) 
2018-01-22 17:00:15,402 DEBUG insert:145 ---- ==> Parameters: null, moji(String), 男(String), 26(Integer), 213(String), 123(Integer), 123(String)
2018-01-22 17:00:15,406 DEBUG insert:145 ---- <==    Updates: 1
2018-01-22 17:00:15,406  INFO WebLogAspect:64 ---- RESPONSE : index
2018-01-22 17:00:27,012  INFO WebLogAspect:40 ---- url:/login
2018-01-22 17:00:27,013  INFO WebLogAspect:41 ---- IP:0:0:0:0:0:0:0:1
2018-01-22 17:00:27,013  INFO WebLogAspect:42 ---- http_method:POST
2018-01-22 17:00:27,013  INFO WebLogAspect:43 ---- class_method:com.liang.web.LoginController.userLogin
2018-01-22 17:00:27,014  INFO WebLogAspect:44 ---- Args:[JourneyUser [Hash = 774440272, userid=null, username=moji, sex=null, age=null, identifyno=null, phone=null, password=123, serialVersionUID=1], {journeyUser=JourneyUser [Hash = 774440272, userid=null, username=moji, sex=null, age=null, identifyno=null, phone=null, password=123, serialVersionUID=1], org.springframework.validation.BindingResult.journeyUser=org.springframework.validation.BeanPropertyBindingResult: 0 errors}]
2018-01-22 17:00:27,029 DEBUG selectByName:145 ---- ==>  Preparing: select userId, userName, sex, age, identifyNo, phone, password from journeyuser where userName = ? 
2018-01-22 17:00:27,030 DEBUG selectByName:145 ---- ==> Parameters: moji(String)
2018-01-22 17:00:27,091 DEBUG selectByName:145 ---- <==      Total: 1
2018-01-22 17:00:27,093 DEBUG selectByName:145 ---- ==>  Preparing: select userId, userName, sex, age, identifyNo, phone, password from journeyuser where userName = ? 
2018-01-22 17:00:27,094 DEBUG selectByName:145 ---- ==> Parameters: moji(String)
2018-01-22 17:00:27,100 DEBUG selectByName:145 ---- <==      Total: 1
2018-01-22 17:00:27,101  INFO WebLogAspect:64 ---- RESPONSE : userFront
2018-01-22 17:00:28,636  INFO WebLogAspect:40 ---- url:/oprateSystem/goto
2018-01-22 17:00:28,636  INFO WebLogAspect:41 ---- IP:0:0:0:0:0:0:0:1
2018-01-22 17:00:28,637  INFO WebLogAspect:42 ---- http_method:GET
2018-01-22 17:00:28,637  INFO WebLogAspect:43 ---- class_method:com.liang.web.OperateController.index
2018-01-22 17:00:28,637  INFO WebLogAspect:44 ---- Args:[4, {}]
2018-01-22 17:00:28,646 DEBUG selectByPrimaryKey:145 ---- ==>  Preparing: select userId, userName, sex, age, identifyNo, phone, password from journeyuser where userId = ? 
2018-01-22 17:00:28,647 DEBUG selectByPrimaryKey:145 ---- ==> Parameters: 4(Integer)
2018-01-22 17:00:28,650 DEBUG selectByPrimaryKey:145 ---- <==      Total: 1
2018-01-22 17:00:28,651 DEBUG selectAll:145 ---- ==>  Preparing: select flightNum, flightPrice, numSeats, flightnumAvail, flyDate, flyfromCity, flytoCity from flight 
2018-01-22 17:00:28,652 DEBUG selectAll:145 ---- ==> Parameters: 
2018-01-22 17:00:28,663 DEBUG selectAll:145 ---- <==      Total: 2
2018-01-22 17:00:28,664  INFO WebLogAspect:64 ---- RESPONSE : oprate/main
2018-01-22 17:01:30,538  INFO WebLogAspect:40 ---- url:/
2018-01-22 17:01:30,539  INFO WebLogAspect:41 ---- IP:0:0:0:0:0:0:0:1
2018-01-22 17:01:30,539  INFO WebLogAspect:42 ---- http_method:GET
2018-01-22 17:01:30,539  INFO WebLogAspect:43 ---- class_method:com.liang.web.LoginController.welcome
2018-01-22 17:01:30,539  INFO WebLogAspect:44 ---- Args:[]
2018-01-22 17:01:30,540  INFO WebLogAspect:64 ---- RESPONSE : index
2018-01-22 17:01:36,505  INFO WebLogAspect:40 ---- url:/login
2018-01-22 17:01:36,505  INFO WebLogAspect:41 ---- IP:0:0:0:0:0:0:0:1
2018-01-22 17:01:36,506  INFO WebLogAspect:42 ---- http_method:POST
2018-01-22 17:01:36,507  INFO WebLogAspect:43 ---- class_method:com.liang.web.LoginController.userLogin
2018-01-22 17:01:36,507  INFO WebLogAspect:44 ---- Args:[JourneyUser [Hash = 774440272, userid=null, username=moji, sex=null, age=null, identifyno=null, phone=null, password=123, serialVersionUID=1], {journeyUser=JourneyUser [Hash = 774440272, userid=null, username=moji, sex=null, age=null, identifyno=null, phone=null, password=123, serialVersionUID=1], org.springframework.validation.BindingResult.journeyUser=org.springframework.validation.BeanPropertyBindingResult: 0 errors}]
2018-01-22 17:01:36,508 DEBUG selectByName:145 ---- ==>  Preparing: select userId, userName, sex, age, identifyNo, phone, password from journeyuser where userName = ? 
2018-01-22 17:01:36,509 DEBUG selectByName:145 ---- ==> Parameters: moji(String)
2018-01-22 17:01:36,514 DEBUG selectByName:145 ---- <==      Total: 1
2018-01-22 17:01:36,515 DEBUG selectByName:145 ---- ==>  Preparing: select userId, userName, sex, age, identifyNo, phone, password from journeyuser where userName = ? 
2018-01-22 17:01:36,516 DEBUG selectByName:145 ---- ==> Parameters: moji(String)
2018-01-22 17:01:36,517 DEBUG selectByName:145 ---- <==      Total: 1
2018-01-22 17:01:36,518  INFO WebLogAspect:64 ---- RESPONSE : userFront
2018-01-22 17:01:38,060  INFO WebLogAspect:40 ---- url:/oprateSystem/goto
2018-01-22 17:01:38,060  INFO WebLogAspect:41 ---- IP:0:0:0:0:0:0:0:1
2018-01-22 17:01:38,061  INFO WebLogAspect:42 ---- http_method:GET
2018-01-22 17:01:38,061  INFO WebLogAspect:43 ---- class_method:com.liang.web.OperateController.index
2018-01-22 17:01:38,061  INFO WebLogAspect:44 ---- Args:[4, {}]
2018-01-22 17:01:38,066 DEBUG selectByPrimaryKey:145 ---- ==>  Preparing: select userId, userName, sex, age, identifyNo, phone, password from journeyuser where userId = ? 
2018-01-22 17:01:38,069 DEBUG selectByPrimaryKey:145 ---- ==> Parameters: 4(Integer)
2018-01-22 17:01:38,074 DEBUG selectByPrimaryKey:145 ---- <==      Total: 1
2018-01-22 17:01:38,074 DEBUG selectAll:145 ---- ==>  Preparing: select flightNum, flightPrice, numSeats, flightnumAvail, flyDate, flyfromCity, flytoCity from flight 
2018-01-22 17:01:38,075 DEBUG selectAll:145 ---- ==> Parameters: 
2018-01-22 17:01:38,078 DEBUG selectAll:145 ---- <==      Total: 2
2018-01-22 17:01:38,078  INFO WebLogAspect:64 ---- RESPONSE : oprate/main
2018-01-22 17:01:57,381  INFO WebLogAspect:40 ---- url:/oprateSystem/flight/insert
2018-01-22 17:01:57,392  INFO WebLogAspect:41 ---- IP:0:0:0:0:0:0:0:1
2018-01-22 17:01:57,393  INFO WebLogAspect:42 ---- http_method:POST
2018-01-22 17:01:57,394  INFO WebLogAspect:43 ---- class_method:com.liang.web.FightController.insertFight
2018-01-22 17:01:57,394  INFO WebLogAspect:44 ---- Args:[Flight [Hash = 1867512084, flightnum=jisa21, flightprice=213, numseats=2, flightnumavail=1, flydate=null, flyfromcity=adsa, flytocity=sa, serialVersionUID=1], {flight=Flight [Hash = 1867512084, flightnum=jisa21, flightprice=213, numseats=2, flightnumavail=1, flydate=null, flyfromcity=adsa, flytocity=sa, serialVersionUID=1], org.springframework.validation.BindingResult.flight=org.springframework.validation.BeanPropertyBindingResult: 0 errors}]
2018-01-22 17:02:10,885 DEBUG insert:145 ---- ==>  Preparing: insert into flight (flightNum, flightPrice, numSeats, flightnumAvail, flyDate, flyfromCity, flytoCity) values (?, ?, ?, ?, ?, ?, ?) 
2018-01-22 17:02:10,887 DEBUG insert:145 ---- ==> Parameters: jisa21(String), 213(Integer), 2(Integer), 1(Integer), null, adsa(String), sa(String)
2018-01-22 17:02:10,909 DEBUG insert:145 ---- <==    Updates: 1
2018-01-22 17:02:10,910  INFO WebLogAspect:64 ---- RESPONSE : 1111
2018-01-22 17:03:12,245  INFO WebLogAspect:40 ---- url:/oprateSystem/flight/insert
2018-01-22 17:03:12,246  INFO WebLogAspect:41 ---- IP:0:0:0:0:0:0:0:1
2018-01-22 17:03:12,246  INFO WebLogAspect:42 ---- http_method:POST
2018-01-22 17:03:12,247  INFO WebLogAspect:43 ---- class_method:com.liang.web.FightController.insertFight
2018-01-22 17:03:12,247  INFO WebLogAspect:44 ---- Args:[Flight [Hash = 1867512084, flightnum=jisa21, flightprice=213, numseats=2, flightnumavail=1, flydate=null, flyfromcity=adsa, flytocity=sa, serialVersionUID=1], {flight=Flight [Hash = 1867512084, flightnum=jisa21, flightprice=213, numseats=2, flightnumavail=1, flydate=null, flyfromcity=adsa, flytocity=sa, serialVersionUID=1], org.springframework.validation.BindingResult.flight=org.springframework.validation.BeanPropertyBindingResult: 0 errors}]
2018-01-22 17:03:31,692 DEBUG insert:145 ---- ==>  Preparing: insert into flight (flightNum, flightPrice, numSeats, flightnumAvail, flyDate, flyfromCity, flytoCity) values (?, ?, ?, ?, ?, ?, ?) 
2018-01-22 17:03:31,696 DEBUG insert:145 ---- ==> Parameters: jisa21(String), 213(Integer), 2(Integer), 1(Integer), null, adsa(String), sa(String)
2018-01-22 17:04:38,935  INFO WebLogAspect:40 ---- url:/oprateSystem/goto
2018-01-22 17:04:38,936  INFO WebLogAspect:41 ---- IP:0:0:0:0:0:0:0:1
2018-01-22 17:04:38,936  INFO WebLogAspect:42 ---- http_method:GET
2018-01-22 17:04:38,936  INFO WebLogAspect:43 ---- class_method:com.liang.web.OperateController.index
2018-01-22 17:04:38,936  INFO WebLogAspect:44 ---- Args:[4, {}]
2018-01-22 17:04:38,938 DEBUG selectByPrimaryKey:145 ---- ==>  Preparing: select userId, userName, sex, age, identifyNo, phone, password from journeyuser where userId = ? 
2018-01-22 17:04:38,939 DEBUG selectByPrimaryKey:145 ---- ==> Parameters: 4(Integer)
2018-01-22 17:04:38,943 DEBUG selectByPrimaryKey:145 ---- <==      Total: 1
2018-01-22 17:04:38,944 DEBUG selectAll:145 ---- ==>  Preparing: select flightNum, flightPrice, numSeats, flightnumAvail, flyDate, flyfromCity, flytoCity from flight 
2018-01-22 17:04:38,944 DEBUG selectAll:145 ---- ==> Parameters: 
2018-01-22 17:04:38,951 DEBUG selectAll:145 ---- <==      Total: 3
2018-01-22 17:04:38,951  INFO WebLogAspect:64 ---- RESPONSE : oprate/main
2018-01-22 17:05:09,837  INFO WebLogAspect:40 ---- url:/oprateSystem/goto
2018-01-22 17:05:09,839  INFO WebLogAspect:41 ---- IP:0:0:0:0:0:0:0:1
2018-01-22 17:05:09,839  INFO WebLogAspect:42 ---- http_method:GET
2018-01-22 17:05:09,839  INFO WebLogAspect:43 ---- class_method:com.liang.web.OperateController.index
2018-01-22 17:05:09,839  INFO WebLogAspect:44 ---- Args:[4, {}]
2018-01-22 17:05:09,840 DEBUG selectByPrimaryKey:145 ---- ==>  Preparing: select userId, userName, sex, age, identifyNo, phone, password from journeyuser where userId = ? 
2018-01-22 17:05:09,841 DEBUG selectByPrimaryKey:145 ---- ==> Parameters: 4(Integer)
2018-01-22 17:05:09,843 DEBUG selectByPrimaryKey:145 ---- <==      Total: 1
2018-01-22 17:05:09,845 DEBUG selectAll:145 ---- ==>  Preparing: select flightNum, flightPrice, numSeats, flightnumAvail, flyDate, flyfromCity, flytoCity from flight 
2018-01-22 17:05:09,847 DEBUG selectAll:145 ---- ==> Parameters: 
2018-01-22 17:05:09,850 DEBUG selectAll:145 ---- <==      Total: 3
2018-01-22 17:05:09,851  INFO WebLogAspect:64 ---- RESPONSE : oprate/main
2018-01-22 17:05:39,410  INFO WebLogAspect:40 ---- url:/oprateSystem/goto
2018-01-22 17:05:39,411  INFO WebLogAspect:41 ---- IP:0:0:0:0:0:0:0:1
2018-01-22 17:05:39,411  INFO WebLogAspect:42 ---- http_method:GET
2018-01-22 17:05:39,411  INFO WebLogAspect:43 ---- class_method:com.liang.web.OperateController.index
2018-01-22 17:05:39,411  INFO WebLogAspect:44 ---- Args:[4, {}]
2018-01-22 17:05:39,412 DEBUG selectByPrimaryKey:145 ---- ==>  Preparing: select userId, userName, sex, age, identifyNo, phone, password from journeyuser where userId = ? 
2018-01-22 17:05:39,413 DEBUG selectByPrimaryKey:145 ---- ==> Parameters: 4(Integer)
2018-01-22 17:05:39,414 DEBUG selectByPrimaryKey:145 ---- <==      Total: 1
2018-01-22 17:05:39,415 DEBUG selectAll:145 ---- ==>  Preparing: select flightNum, flightPrice, numSeats, flightnumAvail, flyDate, flyfromCity, flytoCity from flight 
2018-01-22 17:05:39,416 DEBUG selectAll:145 ---- ==> Parameters: 
2018-01-22 17:05:39,423 DEBUG selectAll:145 ---- <==      Total: 2
2018-01-22 17:05:39,424  INFO WebLogAspect:64 ---- RESPONSE : oprate/main
2018-01-22 17:09:20,194  INFO MainAplication:48 ---- Starting MainAplication on MICROSOFT with PID 2544 (F:\springboot+bootStarp\lvyou\target\classes started by Administrator in F:\springboot+bootStarp\lvyou)
2018-01-22 17:09:20,202 DEBUG MainAplication:51 ---- Running with Spring Boot v1.3.2.RELEASE, Spring v4.2.4.RELEASE
2018-01-22 17:09:20,204  INFO MainAplication:666 ---- No active profile set, falling back to default profiles: default
2018-01-22 17:09:35,203  INFO MainAplication:57 ---- Started MainAplication in 15.825 seconds (JVM running for 16.824)
2018-01-22 17:11:39,350  INFO WebLogAspect:40 ---- url:/oprateSystem/goto
2018-01-22 17:11:39,352  INFO WebLogAspect:41 ---- IP:0:0:0:0:0:0:0:1
2018-01-22 17:11:39,353  INFO WebLogAspect:42 ---- http_method:GET
2018-01-22 17:11:39,356  INFO WebLogAspect:43 ---- class_method:com.liang.web.OperateController.index
2018-01-22 17:11:39,356  INFO WebLogAspect:44 ---- Args:[4, {}]
2018-01-22 17:11:39,980 DEBUG selectByPrimaryKey:145 ---- ==>  Preparing: select userId, userName, sex, age, identifyNo, phone, password from journeyuser where userId = ? 
2018-01-22 17:11:40,015 DEBUG selectByPrimaryKey:145 ---- ==> Parameters: 4(Integer)
2018-01-22 17:11:40,034 DEBUG selectByPrimaryKey:145 ---- <==      Total: 1
2018-01-22 17:11:40,036 DEBUG selectAll:145 ---- ==>  Preparing: select flightNum, flightPrice, numSeats, flightnumAvail, flyDate, flyfromCity, flytoCity from flight 
2018-01-22 17:11:40,037 DEBUG selectAll:145 ---- ==> Parameters: 
2018-01-22 17:11:40,045 DEBUG selectAll:145 ---- <==      Total: 2
2018-01-22 17:11:40,046  INFO WebLogAspect:64 ---- RESPONSE : oprate/main
2018-01-22 17:14:15,400  INFO WebLogAspect:40 ---- url:/oprateSystem/goto
2018-01-22 17:14:15,403  INFO WebLogAspect:41 ---- IP:0:0:0:0:0:0:0:1
2018-01-22 17:14:15,403  INFO WebLogAspect:42 ---- http_method:GET
2018-01-22 17:14:15,404  INFO WebLogAspect:43 ---- class_method:com.liang.web.OperateController.index
2018-01-22 17:14:15,404  INFO WebLogAspect:44 ---- Args:[4, {}]
2018-01-22 17:14:15,408 DEBUG selectByPrimaryKey:145 ---- ==>  Preparing: select userId, userName, sex, age, identifyNo, phone, password from journeyuser where userId = ? 
2018-01-22 17:14:15,412 DEBUG selectByPrimaryKey:145 ---- ==> Parameters: 4(Integer)
2018-01-22 17:14:15,421 DEBUG selectByPrimaryKey:145 ---- <==      Total: 1
2018-01-22 17:14:15,424 DEBUG selectAll:145 ---- ==>  Preparing: select flightNum, flightPrice, numSeats, flightnumAvail, flyDate, flyfromCity, flytoCity from flight 
2018-01-22 17:14:15,425 DEBUG selectAll:145 ---- ==> Parameters: 
2018-01-22 17:14:15,432 DEBUG selectAll:145 ---- <==      Total: 2
2018-01-22 17:14:15,434  INFO WebLogAspect:64 ---- RESPONSE : oprate/main
2018-01-22 17:15:10,346  INFO WebLogAspect:40 ---- url:/oprateSystem/goto
2018-01-22 17:15:10,347  INFO WebLogAspect:41 ---- IP:0:0:0:0:0:0:0:1
2018-01-22 17:15:10,348  INFO WebLogAspect:42 ---- http_method:GET
2018-01-22 17:15:10,348  INFO WebLogAspect:43 ---- class_method:com.liang.web.OperateController.index
2018-01-22 17:15:10,348  INFO WebLogAspect:44 ---- Args:[4, {}]
2018-01-22 17:15:10,349 DEBUG selectByPrimaryKey:145 ---- ==>  Preparing: select userId, userName, sex, age, identifyNo, phone, password from journeyuser where userId = ? 
2018-01-22 17:15:10,356 DEBUG selectByPrimaryKey:145 ---- ==> Parameters: 4(Integer)
2018-01-22 17:15:10,360 DEBUG selectByPrimaryKey:145 ---- <==      Total: 1
2018-01-22 17:15:10,362 DEBUG selectAll:145 ---- ==>  Preparing: select flightNum, flightPrice, numSeats, flightnumAvail, flyDate, flyfromCity, flytoCity from flight 
2018-01-22 17:15:10,362 DEBUG selectAll:145 ---- ==> Parameters: 
2018-01-22 17:15:10,365 DEBUG selectAll:145 ---- <==      Total: 2
2018-01-22 17:15:10,366  INFO WebLogAspect:64 ---- RESPONSE : oprate/main
2018-01-22 17:16:06,257  INFO WebLogAspect:40 ---- url:/oprateSystem/flight/insert
2018-01-22 17:16:06,258  INFO WebLogAspect:41 ---- IP:0:0:0:0:0:0:0:1
2018-01-22 17:16:06,258  INFO WebLogAspect:42 ---- http_method:POST
2018-01-22 17:16:06,258  INFO WebLogAspect:43 ---- class_method:com.liang.web.FightController.insertFight
2018-01-22 17:16:06,259  INFO WebLogAspect:44 ---- Args:[Flight [Hash = -1380450900, flightnum=nj21, flightprice=12, numseats=2, flightnumavail=1, flydate=Fri Sep 21 00:00:00 CST 2012, flyfromcity=as, flytocity=aw, serialVersionUID=1], {flight=Flight [Hash = -1380450900, flightnum=nj21, flightprice=12, numseats=2, flightnumavail=1, flydate=Fri Sep 21 00:00:00 CST 2012, flyfromcity=as, flytocity=aw, serialVersionUID=1], org.springframework.validation.BindingResult.flight=org.springframework.validation.BeanPropertyBindingResult: 0 errors}]
2018-01-22 17:16:24,349 DEBUG insert:145 ---- ==>  Preparing: insert into flight (flightNum, flightPrice, numSeats, flightnumAvail, flyDate, flyfromCity, flytoCity) values (?, ?, ?, ?, ?, ?, ?) 
2018-01-22 17:16:24,353 DEBUG insert:145 ---- ==> Parameters: nj21(String), 12(Integer), 2(Integer), 1(Integer), 2012-09-21(Date), as(String), aw(String)
2018-01-22 17:16:24,372 DEBUG insert:145 ---- <==    Updates: 1
2018-01-22 17:16:24,373  INFO WebLogAspect:64 ---- RESPONSE : 1111
